Arguments: 
  D:\software\nodejs\node.exe C:\Users\Administrator\AppData\Roaming\npm\node_modules\yarn\bin\yarn.js

PATH: 
  C:\Program Files\Git\mingw64\bin;C:\Program Files\Git\usr\bin;C:\Users\Administrator\bin;C:\ProgramData\Oracle\Java\javapath;C:\Program Files (x86)\Intel\Intel(R) Management Engine Components\iCLS;C:\Program Files\Intel\Intel(R) Management Engine Components\iCLS;C:\WINDOWS\system32;C:\WINDOWS;C:\WINDOWS\System32\Wbem;C:\WINDOWS\System32\WindowsPowerShell\v1.0;C:\WINDOWS\System32\OpenSSH;C:\Program Files (x86)\Intel\Intel(R) Management Engine Components\DAL;C:\Program Files\Intel\Intel(R) Management Engine Components\DAL;C:\Program Files (x86)\Intel\Intel(R) Management Engine Components\IPT;C:\Program Files\Intel\Intel(R) Management Engine Components\IPT;C:\Program Files (x86)\ATI Technologies\ATI.ACE\Core-Static;D:\software\nodejs;C:\Program Files\TortoiseSVN\bin;C:\Program Files\Git\cmd;C:\Program Files\Huawei FastApp IDE\bin;C:\Users\Administrator\AppData\Local\Programs\Python\Python37-32\Scripts;C:\Users\Administrator\AppData\Local\Programs\Python\Python37-32;C:\Ruby24-x64\bin;C:\Users\Administrator\AppData\Local\Microsoft\WindowsApps;C:\Users\Administrator\AppData\Roaming\npm;D:\software\Microsoft VS Code\bin;C:\Users\Administrator\AppData\Local\Android\Sdk\platform-tools;C:\Program Files\Java\jdk1.8.0_131\bin;C:\Users\Administrator\AppData\Local\Google\Chrome\Application\chrome.exe;C:\Program Files (x86)\Egret\Egret Wing 3\bin;C:\Program Files\Huawei FastApp IDE\bin;C:\Users\Administrator\AppData\Local\Programs\Fiddler;D:\workspace\webdriver\chrome

Yarn version: 
  1.15.2

Node version: 
  11.13.0

Platform: 
  win32 x64

Trace: 
  SyntaxError: D:\workspace\github\my-doc\package.json: Unexpected token } in JSON at position 613
      at JSON.parse (<anonymous>)
      at C:\Users\Administrator\AppData\Roaming\npm\node_modules\yarn\lib\cli.js:1625:59
      at Generator.next (<anonymous>)
      at step (C:\Users\Administrator\AppData\Roaming\npm\node_modules\yarn\lib\cli.js:304:30)
      at C:\Users\Administrator\AppData\Roaming\npm\node_modules\yarn\lib\cli.js:315:13

npm manifest: 
  {
    "name": "my-doc",
    "version": "1.0.0",
    "description": "",
    "main": "index.js",
    "scripts": {
      "test": "echo \"Error: no test specified\" && exit 1"
    },
    "keywords": [],
    "author": "",
    "license": "ISC",
    "devDependencies": {
      "@babel/core": "^7.11.6",
      "@babel/plugin-transform-runtime": "^7.11.5",
      "@babel/preset-env": "^7.11.5",
      "babel-loader": "^8.1.0",
      "html-webpack-plugin": "^4.4.1",
      "webpack-cli": "^3.3.12",
      "loader-utils": "^2.0.0",
      "webpack": "^4.44.1"
    },
    "dependencies": {
      "@babel/runtime": "^7.11.2",
      "@babel/runtime-corejs3": "^7.11.2",
   
    }
  }

yarn manifest: 
  No manifest

Lockfile: 
  # THIS IS AN AUTOGENERATED FILE. DO NOT EDIT THIS FILE DIRECTLY.
  # yarn lockfile v1
  
  
  "@babel/code-frame@^7.10.4":
    version "7.10.4"
    resolved "http://10.228.131.93:4873/@babel%2fcode-frame/-/code-frame-7.10.4.tgz#168da1a36e90da68ae8d49c0f1b48c7c6249213a"
    integrity sha1-Fo2ho26Q2miujUnA8bSMfGJJITo=
    dependencies:
      "@babel/highlight" "^7.10.4"
  
  "@babel/compat-data@^7.10.4", "@babel/compat-data@^7.11.0":
    version "7.11.0"
    resolved "http://10.228.131.93:4873/@babel%2fcompat-data/-/compat-data-7.11.0.tgz#e9f73efe09af1355b723a7f39b11bad637d7c99c"
    integrity sha1-6fc+/gmvE1W3I6fzmxG61jfXyZw=
    dependencies:
      browserslist "^4.12.0"
      invariant "^2.2.4"
      semver "^5.5.0"
  
  "@babel/core@^7.11.6":
    version "7.11.6"
    resolved "http://10.228.131.93:4873/@babel%2fcore/-/core-7.11.6.tgz#3a9455dc7387ff1bac45770650bc13ba04a15651"
    integrity sha1-OpRV3HOH/xusRXcGULwTugShVlE=
    dependencies:
      "@babel/code-frame" "^7.10.4"
      "@babel/generator" "^7.11.6"
      "@babel/helper-module-transforms" "^7.11.0"
      "@babel/helpers" "^7.10.4"
      "@babel/parser" "^7.11.5"
      "@babel/template" "^7.10.4"
      "@babel/traverse" "^7.11.5"
      "@babel/types" "^7.11.5"
      convert-source-map "^1.7.0"
      debug "^4.1.0"
      gensync "^1.0.0-beta.1"
      json5 "^2.1.2"
      lodash "^4.17.19"
      resolve "^1.3.2"
      semver "^5.4.1"
      source-map "^0.5.0"
  
  "@babel/generator@^7.11.5", "@babel/generator@^7.11.6":
    version "7.11.6"
    resolved "http://10.228.131.93:4873/@babel%2fgenerator/-/generator-7.11.6.tgz#b868900f81b163b4d464ea24545c61cbac4dc620"
    integrity sha1-uGiQD4GxY7TUZOokVFxhy6xNxiA=
    dependencies:
      "@babel/types" "^7.11.5"
      jsesc "^2.5.1"
      source-map "^0.5.0"
  
  "@babel/helper-annotate-as-pure@^7.10.4":
    version "7.10.4"
    resolved "http://10.228.131.93:4873/@babel%2fhelper-annotate-as-pure/-/helper-annotate-as-pure-7.10.4.tgz#5bf0d495a3f757ac3bda48b5bf3b3ba309c72ba3"
    integrity sha1-W/DUlaP3V6w72ki1vzs7ownHK6M=
    dependencies:
      "@babel/types" "^7.10.4"
  
  "@babel/helper-builder-binary-assignment-operator-visitor@^7.10.4":
    version "7.10.4"
    resolved "http://10.228.131.93:4873/@babel%2fhelper-builder-binary-assignment-operator-visitor/-/helper-builder-binary-assignment-operator-visitor-7.10.4.tgz#bb0b75f31bf98cbf9ff143c1ae578b87274ae1a3"
    integrity sha1-uwt18xv5jL+f8UPBrleLhydK4aM=
    dependencies:
      "@babel/helper-explode-assignable-expression" "^7.10.4"
      "@babel/types" "^7.10.4"
  
  "@babel/helper-compilation-targets@^7.10.4":
    version "7.10.4"
    resolved "http://10.228.131.93:4873/@babel%2fhelper-compilation-targets/-/helper-compilation-targets-7.10.4.tgz#804ae8e3f04376607cc791b9d47d540276332bd2"
    integrity sha1-gEro4/BDdmB8x5G51H1UAnYzK9I=
    dependencies:
      "@babel/compat-data" "^7.10.4"
      browserslist "^4.12.0"
      invariant "^2.2.4"
      levenary "^1.1.1"
      semver "^5.5.0"
  
  "@babel/helper-create-class-features-plugin@^7.10.4":
    version "7.10.5"
    resolved "http://10.228.131.93:4873/@babel%2fhelper-create-class-features-plugin/-/helper-create-class-features-plugin-7.10.5.tgz#9f61446ba80e8240b0a5c85c6fdac8459d6f259d"
    integrity sha1-n2FEa6gOgkCwpchcb9rIRZ1vJZ0=
    dependencies:
      "@babel/helper-function-name" "^7.10.4"
      "@babel/helper-member-expression-to-functions" "^7.10.5"
      "@babel/helper-optimise-call-expression" "^7.10.4"
      "@babel/helper-plugin-utils" "^7.10.4"
      "@babel/helper-replace-supers" "^7.10.4"
      "@babel/helper-split-export-declaration" "^7.10.4"
  
  "@babel/helper-create-regexp-features-plugin@^7.10.4":
    version "7.10.4"
    resolved "http://10.228.131.93:4873/@babel%2fhelper-create-regexp-features-plugin/-/helper-create-regexp-features-plugin-7.10.4.tgz#fdd60d88524659a0b6959c0579925e425714f3b8"
    integrity sha1-/dYNiFJGWaC2lZwFeZJeQlcU87g=
    dependencies:
      "@babel/helper-annotate-as-pure" "^7.10.4"
      "@babel/helper-regex" "^7.10.4"
      regexpu-core "^4.7.0"
  
  "@babel/helper-define-map@^7.10.4":
    version "7.10.5"
    resolved "http://10.228.131.93:4873/@babel%2fhelper-define-map/-/helper-define-map-7.10.5.tgz#b53c10db78a640800152692b13393147acb9bb30"
    integrity sha1-tTwQ23imQIABUmkrEzkxR6y5uzA=
    dependencies:
      "@babel/helper-function-name" "^7.10.4"
      "@babel/types" "^7.10.5"
      lodash "^4.17.19"
  
  "@babel/helper-explode-assignable-expression@^7.10.4":
    version "7.11.4"
    resolved "http://10.228.131.93:4873/@babel%2fhelper-explode-assignable-expression/-/helper-explode-assignable-expression-7.11.4.tgz#2d8e3470252cc17aba917ede7803d4a7a276a41b"
    integrity sha1-LY40cCUswXq6kX7eeAPUp6J2pBs=
    dependencies:
      "@babel/types" "^7.10.4"
  
  "@babel/helper-function-name@^7.10.4":
    version "7.10.4"
    resolved "http://10.228.131.93:4873/@babel%2fhelper-function-name/-/helper-function-name-7.10.4.tgz#d2d3b20c59ad8c47112fa7d2a94bc09d5ef82f1a"
    integrity sha1-0tOyDFmtjEcRL6fSqUvAnV74Lxo=
    dependencies:
      "@babel/helper-get-function-arity" "^7.10.4"
      "@babel/template" "^7.10.4"
      "@babel/types" "^7.10.4"
  
  "@babel/helper-get-function-arity@^7.10.4":
    version "7.10.4"
    resolved "http://10.228.131.93:4873/@babel%2fhelper-get-function-arity/-/helper-get-function-arity-7.10.4.tgz#98c1cbea0e2332f33f9a4661b8ce1505b2c19ba2"
    integrity sha1-mMHL6g4jMvM/mkZhuM4VBbLBm6I=
    dependencies:
      "@babel/types" "^7.10.4"
  
  "@babel/helper-hoist-variables@^7.10.4":
    version "7.10.4"
    resolved "http://10.228.131.93:4873/@babel%2fhelper-hoist-variables/-/helper-hoist-variables-7.10.4.tgz#d49b001d1d5a68ca5e6604dda01a6297f7c9381e"
    integrity sha1-1JsAHR1aaMpeZgTdoBpil/fJOB4=
    dependencies:
      "@babel/types" "^7.10.4"
  
  "@babel/helper-member-expression-to-functions@^7.10.4", "@babel/helper-member-expression-to-functions@^7.10.5":
    version "7.11.0"
    resolved "http://10.228.131.93:4873/@babel%2fhelper-member-expression-to-functions/-/helper-member-expression-to-functions-7.11.0.tgz#ae69c83d84ee82f4b42f96e2a09410935a8f26df"
    integrity sha1-rmnIPYTugvS0L5bioJQQk1qPJt8=
    dependencies:
      "@babel/types" "^7.11.0"
  
  "@babel/helper-module-imports@^7.10.4":
    version "7.10.4"
    resolved "http://10.228.131.93:4873/@babel%2fhelper-module-imports/-/helper-module-imports-7.10.4.tgz#4c5c54be04bd31670a7382797d75b9fa2e5b5620"
    integrity sha1-TFxUvgS9MWcKc4J5fXW5+i5bViA=
    dependencies:
      "@babel/types" "^7.10.4"
  
  "@babel/helper-module-transforms@^7.10.4", "@babel/helper-module-transforms@^7.10.5", "@babel/helper-module-transforms@^7.11.0":
    version "7.11.0"
    resolved "http://10.228.131.93:4873/@babel%2fhelper-module-transforms/-/helper-module-transforms-7.11.0.tgz#b16f250229e47211abdd84b34b64737c2ab2d359"
    integrity sha1-sW8lAinkchGr3YSzS2RzfCqy01k=
    dependencies:
      "@babel/helper-module-imports" "^7.10.4"
      "@babel/helper-replace-supers" "^7.10.4"
      "@babel/helper-simple-access" "^7.10.4"
      "@babel/helper-split-export-declaration" "^7.11.0"
      "@babel/template" "^7.10.4"
      "@babel/types" "^7.11.0"
      lodash "^4.17.19"
  
  "@babel/helper-optimise-call-expression@^7.10.4":
    version "7.10.4"
    resolved "http://10.228.131.93:4873/@babel%2fhelper-optimise-call-expression/-/helper-optimise-call-expression-7.10.4.tgz#50dc96413d594f995a77905905b05893cd779673"
    integrity sha1-UNyWQT1ZT5lad5BZBbBYk813lnM=
    dependencies:
      "@babel/types" "^7.10.4"
  
  "@babel/helper-plugin-utils@^7.0.0", "@babel/helper-plugin-utils@^7.10.4", "@babel/helper-plugin-utils@^7.8.0", "@babel/helper-plugin-utils@^7.8.3":
    version "7.10.4"
    resolved "http://10.228.131.93:4873/@babel%2fhelper-plugin-utils/-/helper-plugin-utils-7.10.4.tgz#2f75a831269d4f677de49986dff59927533cf375"
    integrity sha1-L3WoMSadT2d95JmG3/WZJ1M883U=
  
  "@babel/helper-regex@^7.10.4":
    version "7.10.5"
    resolved "http://10.228.131.93:4873/@babel%2fhelper-regex/-/helper-regex-7.10.5.tgz#32dfbb79899073c415557053a19bd055aae50ae0"
    integrity sha1-Mt+7eYmQc8QVVXBToZvQVarlCuA=
    dependencies:
      lodash "^4.17.19"
  
  "@babel/helper-remap-async-to-generator@^7.10.4":
    version "7.11.4"
    resolved "http://10.228.131.93:4873/@babel%2fhelper-remap-async-to-generator/-/helper-remap-async-to-generator-7.11.4.tgz#4474ea9f7438f18575e30b0cac784045b402a12d"
    integrity sha1-RHTqn3Q48YV14wsMrHhARbQCoS0=
    dependencies:
      "@babel/helper-annotate-as-pure" "^7.10.4"
      "@babel/helper-wrap-function" "^7.10.4"
      "@babel/template" "^7.10.4"
      "@babel/types" "^7.10.4"
  
  "@babel/helper-replace-supers@^7.10.4":
    version "7.10.4"
    resolved "http://10.228.131.93:4873/@babel%2fhelper-replace-supers/-/helper-replace-supers-7.10.4.tgz#d585cd9388ea06e6031e4cd44b6713cbead9e6cf"
    integrity sha1-1YXNk4jqBuYDHkzUS2cTy+rZ5s8=
    dependencies:
      "@babel/helper-member-expression-to-functions" "^7.10.4"
      "@babel/helper-optimise-call-expression" "^7.10.4"
      "@babel/traverse" "^7.10.4"
      "@babel/types" "^7.10.4"
  
  "@babel/helper-simple-access@^7.10.4":
    version "7.10.4"
    resolved "http://10.228.131.93:4873/@babel%2fhelper-simple-access/-/helper-simple-access-7.10.4.tgz#0f5ccda2945277a2a7a2d3a821e15395edcf3461"
    integrity sha1-D1zNopRSd6KnotOoIeFTle3PNGE=
    dependencies:
      "@babel/template" "^7.10.4"
      "@babel/types" "^7.10.4"
  
  "@babel/helper-skip-transparent-expression-wrappers@^7.11.0":
    version "7.11.0"
    resolved "http://10.228.131.93:4873/@babel%2fhelper-skip-transparent-expression-wrappers/-/helper-skip-transparent-expression-wrappers-7.11.0.tgz#eec162f112c2f58d3af0af125e3bb57665146729"
    integrity sha1-7sFi8RLC9Y068K8SXju1dmUUZyk=
    dependencies:
      "@babel/types" "^7.11.0"
  
  "@babel/helper-split-export-declaration@^7.10.4", "@babel/helper-split-export-declaration@^7.11.0":
    version "7.11.0"
    resolved "http://10.228.131.93:4873/@babel%2fhelper-split-export-declaration/-/helper-split-export-declaration-7.11.0.tgz#f8a491244acf6a676158ac42072911ba83ad099f"
    integrity sha1-+KSRJErPamdhWKxCBykRuoOtCZ8=
    dependencies:
      "@babel/types" "^7.11.0"
  
  "@babel/helper-validator-identifier@^7.10.4":
    version "7.10.4"
    resolved "http://10.228.131.93:4873/@babel%2fhelper-validator-identifier/-/helper-validator-identifier-7.10.4.tgz#a78c7a7251e01f616512d31b10adcf52ada5e0d2"
    integrity sha1-p4x6clHgH2FlEtMbEK3PUq2l4NI=
  
  "@babel/helper-wrap-function@^7.10.4":
    version "7.10.4"
    resolved "http://10.228.131.93:4873/@babel%2fhelper-wrap-function/-/helper-wrap-function-7.10.4.tgz#8a6f701eab0ff39f765b5a1cfef409990e624b87"
    integrity sha1-im9wHqsP8592W1oc/vQJmQ5iS4c=
    dependencies:
      "@babel/helper-function-name" "^7.10.4"
      "@babel/template" "^7.10.4"
      "@babel/traverse" "^7.10.4"
      "@babel/types" "^7.10.4"
  
  "@babel/helpers@^7.10.4":
    version "7.10.4"
    resolved "http://10.228.131.93:4873/@babel%2fhelpers/-/helpers-7.10.4.tgz#2abeb0d721aff7c0a97376b9e1f6f65d7a475044"
    integrity sha1-Kr6w1yGv98Cpc3a54fb2XXpHUEQ=
    dependencies:
      "@babel/template" "^7.10.4"
      "@babel/traverse" "^7.10.4"
      "@babel/types" "^7.10.4"
  
  "@babel/highlight@^7.10.4":
    version "7.10.4"
    resolved "http://10.228.131.93:4873/@babel%2fhighlight/-/highlight-7.10.4.tgz#7d1bdfd65753538fabe6c38596cdb76d9ac60143"
    integrity sha1-fRvf1ldTU4+r5sOFls23bZrGAUM=
    dependencies:
      "@babel/helper-validator-identifier" "^7.10.4"
      chalk "^2.0.0"
      js-tokens "^4.0.0"
  
  "@babel/parser@^7.10.4", "@babel/parser@^7.11.5":
    version "7.11.5"
    resolved "http://10.228.131.93:4873/@babel%2fparser/-/parser-7.11.5.tgz#c7ff6303df71080ec7a4f5b8c003c58f1cf51037"
    integrity sha1-x/9jA99xCA7HpPW4wAPFjxz1EDc=
  
  "@babel/plugin-proposal-async-generator-functions@^7.10.4":
    version "7.10.5"
    resolved "http://10.228.131.93:4873/@babel%2fplugin-proposal-async-generator-functions/-/plugin-proposal-async-generator-functions-7.10.5.tgz#3491cabf2f7c179ab820606cec27fed15e0e8558"
    integrity sha1-NJHKvy98F5q4IGBs7Cf+0V4OhVg=
    dependencies:
      "@babel/helper-plugin-utils" "^7.10.4"
      "@babel/helper-remap-async-to-generator" "^7.10.4"
      "@babel/plugin-syntax-async-generators" "^7.8.0"
  
  "@babel/plugin-proposal-class-properties@^7.10.4":
    version "7.10.4"
    resolved "http://10.228.131.93:4873/@babel%2fplugin-proposal-class-properties/-/plugin-proposal-class-properties-7.10.4.tgz#a33bf632da390a59c7a8c570045d1115cd778807"
    integrity sha1-ozv2Mto5ClnHqMVwBF0RFc13iAc=
    dependencies:
      "@babel/helper-create-class-features-plugin" "^7.10.4"
      "@babel/helper-plugin-utils" "^7.10.4"
  
  "@babel/plugin-proposal-dynamic-import@^7.10.4":
    version "7.10.4"
    resolved "http://10.228.131.93:4873/@babel%2fplugin-proposal-dynamic-import/-/plugin-proposal-dynamic-import-7.10.4.tgz#ba57a26cb98b37741e9d5bca1b8b0ddf8291f17e"
    integrity sha1-uleibLmLN3QenVvKG4sN34KR8X4=
    dependencies:
      "@babel/helper-plugin-utils" "^7.10.4"
      "@babel/plugin-syntax-dynamic-import" "^7.8.0"
  
  "@babel/plugin-proposal-export-namespace-from@^7.10.4":
    version "7.10.4"
    resolved "http://10.228.131.93:4873/@babel%2fplugin-proposal-export-namespace-from/-/plugin-proposal-export-namespace-from-7.10.4.tgz#570d883b91031637b3e2958eea3c438e62c05f54"
    integrity sha1-Vw2IO5EDFjez4pWO6jxDjmLAX1Q=
    dependencies:
      "@babel/helper-plugin-utils" "^7.10.4"
      "@babel/plugin-syntax-export-namespace-from" "^7.8.3"
  
  "@babel/plugin-proposal-json-strings@^7.10.4":
    version "7.10.4"
    resolved "http://10.228.131.93:4873/@babel%2fplugin-proposal-json-strings/-/plugin-proposal-json-strings-7.10.4.tgz#593e59c63528160233bd321b1aebe0820c2341db"
    integrity sha1-WT5ZxjUoFgIzvTIbGuvgggwjQds=
    dependencies:
      "@babel/helper-plugin-utils" "^7.10.4"
      "@babel/plugin-syntax-json-strings" "^7.8.0"
  
  "@babel/plugin-proposal-logical-assignment-operators@^7.11.0":
    version "7.11.0"
    resolved "http://10.228.131.93:4873/@babel%2fplugin-proposal-logical-assignment-operators/-/plugin-proposal-logical-assignment-operators-7.11.0.tgz#9f80e482c03083c87125dee10026b58527ea20c8"
    integrity sha1-n4DkgsAwg8hxJd7hACa1hSfqIMg=
    dependencies:
      "@babel/helper-plugin-utils" "^7.10.4"
      "@babel/plugin-syntax-logical-assignment-operators" "^7.10.4"
  
  "@babel/plugin-proposal-nullish-coalescing-operator@^7.10.4":
    version "7.10.4"
    resolved "http://10.228.131.93:4873/@babel%2fplugin-proposal-nullish-coalescing-operator/-/plugin-proposal-nullish-coalescing-operator-7.10.4.tgz#02a7e961fc32e6d5b2db0649e01bf80ddee7e04a"
    integrity sha1-AqfpYfwy5tWy2wZJ4Bv4Dd7n4Eo=
    dependencies:
      "@babel/helper-plugin-utils" "^7.10.4"
      "@babel/plugin-syntax-nullish-coalescing-operator" "^7.8.0"
  
  "@babel/plugin-proposal-numeric-separator@^7.10.4":
    version "7.10.4"
    resolved "http://10.228.131.93:4873/@babel%2fplugin-proposal-numeric-separator/-/plugin-proposal-numeric-separator-7.10.4.tgz#ce1590ff0a65ad12970a609d78855e9a4c1aef06"
    integrity sha1-zhWQ/wplrRKXCmCdeIVemkwa7wY=
    dependencies:
      "@babel/helper-plugin-utils" "^7.10.4"
      "@babel/plugin-syntax-numeric-separator" "^7.10.4"
  
  "@babel/plugin-proposal-object-rest-spread@^7.11.0":
    version "7.11.0"
    resolved "http://10.228.131.93:4873/@babel%2fplugin-proposal-object-rest-spread/-/plugin-proposal-object-rest-spread-7.11.0.tgz#bd81f95a1f746760ea43b6c2d3d62b11790ad0af"
    integrity sha1-vYH5Wh90Z2DqQ7bC09YrEXkK0K8=
    dependencies:
      "@babel/helper-plugin-utils" "^7.10.4"
      "@babel/plugin-syntax-object-rest-spread" "^7.8.0"
      "@babel/plugin-transform-parameters" "^7.10.4"
  
  "@babel/plugin-proposal-optional-catch-binding@^7.10.4":
    version "7.10.4"
    resolved "http://10.228.131.93:4873/@babel%2fplugin-proposal-optional-catch-binding/-/plugin-proposal-optional-catch-binding-7.10.4.tgz#31c938309d24a78a49d68fdabffaa863758554dd"
    integrity sha1-Mck4MJ0kp4pJ1o/av/qoY3WFVN0=
    dependencies:
      "@babel/helper-plugin-utils" "^7.10.4"
      "@babel/plugin-syntax-optional-catch-binding" "^7.8.0"
  
  "@babel/plugin-proposal-optional-chaining@^7.11.0":
    version "7.11.0"
    resolved "http://10.228.131.93:4873/@babel%2fplugin-proposal-optional-chaining/-/plugin-proposal-optional-chaining-7.11.0.tgz#de5866d0646f6afdaab8a566382fe3a221755076"
    integrity sha1-3lhm0GRvav2quKVmOC/joiF1UHY=
    dependencies:
      "@babel/helper-plugin-utils" "^7.10.4"
      "@babel/helper-skip-transparent-expression-wrappers" "^7.11.0"
      "@babel/plugin-syntax-optional-chaining" "^7.8.0"
  
  "@babel/plugin-proposal-private-methods@^7.10.4":
    version "7.10.4"
    resolved "http://10.228.131.93:4873/@babel%2fplugin-proposal-private-methods/-/plugin-proposal-private-methods-7.10.4.tgz#b160d972b8fdba5c7d111a145fc8c421fc2a6909"
    integrity sha1-sWDZcrj9ulx9ERoUX8jEIfwqaQk=
    dependencies:
      "@babel/helper-create-class-features-plugin" "^7.10.4"
      "@babel/helper-plugin-utils" "^7.10.4"
  
  "@babel/plugin-proposal-unicode-property-regex@^7.10.4", "@babel/plugin-proposal-unicode-property-regex@^7.4.4":
    version "7.10.4"
    resolved "http://10.228.131.93:4873/@babel%2fplugin-proposal-unicode-property-regex/-/plugin-proposal-unicode-property-regex-7.10.4.tgz#4483cda53041ce3413b7fe2f00022665ddfaa75d"
    integrity sha1-RIPNpTBBzjQTt/4vAAImZd36p10=
    dependencies:
      "@babel/helper-create-regexp-features-plugin" "^7.10.4"
      "@babel/helper-plugin-utils" "^7.10.4"
  
  "@babel/plugin-syntax-async-generators@^7.8.0":
    version "7.8.4"
    resolved "http://10.228.131.93:4873/@babel%2fplugin-syntax-async-generators/-/plugin-syntax-async-generators-7.8.4.tgz#a983fb1aeb2ec3f6ed042a210f640e90e786fe0d"
    integrity sha1-qYP7Gusuw/btBCohD2QOkOeG/g0=
    dependencies:
      "@babel/helper-plugin-utils" "^7.8.0"
  
  "@babel/plugin-syntax-class-properties@^7.10.4":
    version "7.10.4"
    resolved "http://10.228.131.93:4873/@babel%2fplugin-syntax-class-properties/-/plugin-syntax-class-properties-7.10.4.tgz#6644e6a0baa55a61f9e3231f6c9eeb6ee46c124c"
    integrity sha1-ZkTmoLqlWmH54yMfbJ7rbuRsEkw=
    dependencies:
      "@babel/helper-plugin-utils" "^7.10.4"
  
  "@babel/plugin-syntax-dynamic-import@^7.8.0":
    version "7.8.3"
    resolved "http://10.228.131.93:4873/@babel%2fplugin-syntax-dynamic-import/-/plugin-syntax-dynamic-import-7.8.3.tgz#62bf98b2da3cd21d626154fc96ee5b3cb68eacb3"
    integrity sha1-Yr+Ysto80h1iYVT8lu5bPLaOrLM=
    dependencies:
      "@babel/helper-plugin-utils" "^7.8.0"
  
  "@babel/plugin-syntax-export-namespace-from@^7.8.3":
    version "7.8.3"
    resolved "http://10.228.131.93:4873/@babel%2fplugin-syntax-export-namespace-from/-/plugin-syntax-export-namespace-from-7.8.3.tgz#028964a9ba80dbc094c915c487ad7c4e7a66465a"
    integrity sha1-AolkqbqA28CUyRXEh618TnpmRlo=
    dependencies:
      "@babel/helper-plugin-utils" "^7.8.3"
  
  "@babel/plugin-syntax-json-strings@^7.8.0":
    version "7.8.3"
    resolved "http://10.228.131.93:4873/@babel%2fplugin-syntax-json-strings/-/plugin-syntax-json-strings-7.8.3.tgz#01ca21b668cd8218c9e640cb6dd88c5412b2c96a"
    integrity sha1-AcohtmjNghjJ5kDLbdiMVBKyyWo=
    dependencies:
      "@babel/helper-plugin-utils" "^7.8.0"
  
  "@babel/plugin-syntax-logical-assignment-operators@^7.10.4":
    version "7.10.4"
    resolved "http://10.228.131.93:4873/@babel%2fplugin-syntax-logical-assignment-operators/-/plugin-syntax-logical-assignment-operators-7.10.4.tgz#ca91ef46303530448b906652bac2e9fe9941f699"
    integrity sha1-ypHvRjA1MESLkGZSusLp/plB9pk=
    dependencies:
      "@babel/helper-plugin-utils" "^7.10.4"
  
  "@babel/plugin-syntax-nullish-coalescing-operator@^7.8.0":
    version "7.8.3"
    resolved "http://10.228.131.93:4873/@babel%2fplugin-syntax-nullish-coalescing-operator/-/plugin-syntax-nullish-coalescing-operator-7.8.3.tgz#167ed70368886081f74b5c36c65a88c03b66d1a9"
    integrity sha1-Fn7XA2iIYIH3S1w2xlqIwDtm0ak=
    dependencies:
      "@babel/helper-plugin-utils" "^7.8.0"
  
  "@babel/plugin-syntax-numeric-separator@^7.10.4":
    version "7.10.4"
    resolved "http://10.228.131.93:4873/@babel%2fplugin-syntax-numeric-separator/-/plugin-syntax-numeric-separator-7.10.4.tgz#b9b070b3e33570cd9fd07ba7fa91c0dd37b9af97"
    integrity sha1-ubBws+M1cM2f0Hun+pHA3Te5r5c=
    dependencies:
      "@babel/helper-plugin-utils" "^7.10.4"
  
  "@babel/plugin-syntax-object-rest-spread@^7.8.0":
    version "7.8.3"
    resolved "http://10.228.131.93:4873/@babel%2fplugin-syntax-object-rest-spread/-/plugin-syntax-object-rest-spread-7.8.3.tgz#60e225edcbd98a640332a2e72dd3e66f1af55871"
    integrity sha1-YOIl7cvZimQDMqLnLdPmbxr1WHE=
    dependencies:
      "@babel/helper-plugin-utils" "^7.8.0"
  
  "@babel/plugin-syntax-optional-catch-binding@^7.8.0":
    version "7.8.3"
    resolved "http://10.228.131.93:4873/@babel%2fplugin-syntax-optional-catch-binding/-/plugin-syntax-optional-catch-binding-7.8.3.tgz#6111a265bcfb020eb9efd0fdfd7d26402b9ed6c1"
    integrity sha1-YRGiZbz7Ag6579D9/X0mQCue1sE=
    dependencies:
      "@babel/helper-plugin-utils" "^7.8.0"
  
  "@babel/plugin-syntax-optional-chaining@^7.8.0":
    version "7.8.3"
    resolved "http://10.228.131.93:4873/@babel%2fplugin-syntax-optional-chaining/-/plugin-syntax-optional-chaining-7.8.3.tgz#4f69c2ab95167e0180cd5336613f8c5788f7d48a"
    integrity sha1-T2nCq5UWfgGAzVM2YT+MV4j31Io=
    dependencies:
      "@babel/helper-plugin-utils" "^7.8.0"
  
  "@babel/plugin-syntax-top-level-await@^7.10.4":
    version "7.10.4"
    resolved "http://10.228.131.93:4873/@babel%2fplugin-syntax-top-level-await/-/plugin-syntax-top-level-await-7.10.4.tgz#4bbeb8917b54fcf768364e0a81f560e33a3ef57d"
    integrity sha1-S764kXtU/PdoNk4KgfVg4zo+9X0=
    dependencies:
      "@babel/helper-plugin-utils" "^7.10.4"
  
  "@babel/plugin-transform-arrow-functions@^7.10.4":
    version "7.10.4"
    resolved "http://10.228.131.93:4873/@babel%2fplugin-transform-arrow-functions/-/plugin-transform-arrow-functions-7.10.4.tgz#e22960d77e697c74f41c501d44d73dbf8a6a64cd"
    integrity sha1-4ilg135pfHT0HFAdRNc9v4pqZM0=
    dependencies:
      "@babel/helper-plugin-utils" "^7.10.4"
  
  "@babel/plugin-transform-async-to-generator@^7.10.4":
    version "7.10.4"
    resolved "http://10.228.131.93:4873/@babel%2fplugin-transform-async-to-generator/-/plugin-transform-async-to-generator-7.10.4.tgz#41a5017e49eb6f3cda9392a51eef29405b245a37"
    integrity sha1-QaUBfknrbzzak5KlHu8pQFskWjc=
    dependencies:
      "@babel/helper-module-imports" "^7.10.4"
      "@babel/helper-plugin-utils" "^7.10.4"
      "@babel/helper-remap-async-to-generator" "^7.10.4"
  
  "@babel/plugin-transform-block-scoped-functions@^7.10.4":
    version "7.10.4"
    resolved "http://10.228.131.93:4873/@babel%2fplugin-transform-block-scoped-functions/-/plugin-transform-block-scoped-functions-7.10.4.tgz#1afa595744f75e43a91af73b0d998ecfe4ebc2e8"
    integrity sha1-GvpZV0T3XkOpGvc7DZmOz+Trwug=
    dependencies:
      "@babel/helper-plugin-utils" "^7.10.4"
  
  "@babel/plugin-transform-block-scoping@^7.10.4":
    version "7.11.1"
    resolved "http://10.228.131.93:4873/@babel%2fplugin-transform-block-scoping/-/plugin-transform-block-scoping-7.11.1.tgz#5b7efe98852bef8d652c0b28144cd93a9e4b5215"
    integrity sha1-W37+mIUr741lLAsoFEzZOp5LUhU=
    dependencies:
      "@babel/helper-plugin-utils" "^7.10.4"
  
  "@babel/plugin-transform-classes@^7.10.4":
    version "7.10.4"
    resolved "http://10.228.131.93:4873/@babel%2fplugin-transform-classes/-/plugin-transform-classes-7.10.4.tgz#405136af2b3e218bc4a1926228bc917ab1a0adc7"
    integrity sha1-QFE2rys+IYvEoZJiKLyRerGgrcc=
    dependencies:
      "@babel/helper-annotate-as-pure" "^7.10.4"
      "@babel/helper-define-map" "^7.10.4"
      "@babel/helper-function-name" "^7.10.4"
      "@babel/helper-optimise-call-expression" "^7.10.4"
      "@babel/helper-plugin-utils" "^7.10.4"
      "@babel/helper-replace-supers" "^7.10.4"
      "@babel/helper-split-export-declaration" "^7.10.4"
      globals "^11.1.0"
  
  "@babel/plugin-transform-computed-properties@^7.10.4":
    version "7.10.4"
    resolved "http://10.228.131.93:4873/@babel%2fplugin-transform-computed-properties/-/plugin-transform-computed-properties-7.10.4.tgz#9ded83a816e82ded28d52d4b4ecbdd810cdfc0eb"
    integrity sha1-ne2DqBboLe0o1S1LTsvdgQzfwOs=
    dependencies:
      "@babel/helper-plugin-utils" "^7.10.4"
  
  "@babel/plugin-transform-destructuring@^7.10.4":
    version "7.10.4"
    resolved "http://10.228.131.93:4873/@babel%2fplugin-transform-destructuring/-/plugin-transform-destructuring-7.10.4.tgz#70ddd2b3d1bea83d01509e9bb25ddb3a74fc85e5"
    integrity sha1-cN3Ss9G+qD0BUJ6bsl3bOnT8heU=
    dependencies:
      "@babel/helper-plugin-utils" "^7.10.4"
  
  "@babel/plugin-transform-dotall-regex@^7.10.4", "@babel/plugin-transform-dotall-regex@^7.4.4":
    version "7.10.4"
    resolved "http://10.228.131.93:4873/@babel%2fplugin-transform-dotall-regex/-/plugin-transform-dotall-regex-7.10.4.tgz#469c2062105c1eb6a040eaf4fac4b488078395ee"
    integrity sha1-RpwgYhBcHragQOr0+sS0iAeDle4=
    dependencies:
      "@babel/helper-create-regexp-features-plugin" "^7.10.4"
      "@babel/helper-plugin-utils" "^7.10.4"
  
  "@babel/plugin-transform-duplicate-keys@^7.10.4":
    version "7.10.4"
    resolved "http://10.228.131.93:4873/@babel%2fplugin-transform-duplicate-keys/-/plugin-transform-duplicate-keys-7.10.4.tgz#697e50c9fee14380fe843d1f306b295617431e47"
    integrity sha1-aX5Qyf7hQ4D+hD0fMGspVhdDHkc=
    dependencies:
      "@babel/helper-plugin-utils" "^7.10.4"
  
  "@babel/plugin-transform-exponentiation-operator@^7.10.4":
    version "7.10.4"
    resolved "http://10.228.131.93:4873/@babel%2fplugin-transform-exponentiation-operator/-/plugin-transform-exponentiation-operator-7.10.4.tgz#5ae338c57f8cf4001bdb35607ae66b92d665af2e"
    integrity sha1-WuM4xX+M9AAb2zVgeuZrktZlry4=
    dependencies:
      "@babel/helper-builder-binary-assignment-operator-visitor" "^7.10.4"
      "@babel/helper-plugin-utils" "^7.10.4"
  
  "@babel/plugin-transform-for-of@^7.10.4":
    version "7.10.4"
    resolved "http://10.228.131.93:4873/@babel%2fplugin-transform-for-of/-/plugin-transform-for-of-7.10.4.tgz#c08892e8819d3a5db29031b115af511dbbfebae9"
    integrity sha1-wIiS6IGdOl2ykDGxFa9RHbv+uuk=
    dependencies:
      "@babel/helper-plugin-utils" "^7.10.4"
  
  "@babel/plugin-transform-function-name@^7.10.4":
    version "7.10.4"
    resolved "http://10.228.131.93:4873/@babel%2fplugin-transform-function-name/-/plugin-transform-function-name-7.10.4.tgz#6a467880e0fc9638514ba369111811ddbe2644b7"
    integrity sha1-akZ4gOD8ljhRS6NpERgR3b4mRLc=
    dependencies:
      "@babel/helper-function-name" "^7.10.4"
      "@babel/helper-plugin-utils" "^7.10.4"
  
  "@babel/plugin-transform-literals@^7.10.4":
    version "7.10.4"
    resolved "http://10.228.131.93:4873/@babel%2fplugin-transform-literals/-/plugin-transform-literals-7.10.4.tgz#9f42ba0841100a135f22712d0e391c462f571f3c"
    integrity sha1-n0K6CEEQChNfInEtDjkcRi9XHzw=
    dependencies:
      "@babel/helper-plugin-utils" "^7.10.4"
  
  "@babel/plugin-transform-member-expression-literals@^7.10.4":
    version "7.10.4"
    resolved "http://10.228.131.93:4873/@babel%2fplugin-transform-member-expression-literals/-/plugin-transform-member-expression-literals-7.10.4.tgz#b1ec44fcf195afcb8db2c62cd8e551c881baf8b7"
    integrity sha1-sexE/PGVr8uNssYs2OVRyIG6+Lc=
    dependencies:
      "@babel/helper-plugin-utils" "^7.10.4"
  
  "@babel/plugin-transform-modules-amd@^7.10.4":
    version "7.10.5"
    resolved "http://10.228.131.93:4873/@babel%2fplugin-transform-modules-amd/-/plugin-transform-modules-amd-7.10.5.tgz#1b9cddaf05d9e88b3aad339cb3e445c4f020a9b1"
    integrity sha1-G5zdrwXZ6Is6rTOcs+RFxPAgqbE=
    dependencies:
      "@babel/helper-module-transforms" "^7.10.5"
      "@babel/helper-plugin-utils" "^7.10.4"
      babel-plugin-dynamic-import-node "^2.3.3"
  
  "@babel/plugin-transform-modules-commonjs@^7.10.4":
    version "7.10.4"
    resolved "http://10.228.131.93:4873/@babel%2fplugin-transform-modules-commonjs/-/plugin-transform-modules-commonjs-7.10.4.tgz#66667c3eeda1ebf7896d41f1f16b17105a2fbca0"
    integrity sha1-ZmZ8Pu2h6/eJbUHx8WsXEFovvKA=
    dependencies:
      "@babel/helper-module-transforms" "^7.10.4"
      "@babel/helper-plugin-utils" "^7.10.4"
      "@babel/helper-simple-access" "^7.10.4"
      babel-plugin-dynamic-import-node "^2.3.3"
  
  "@babel/plugin-transform-modules-systemjs@^7.10.4":
    version "7.10.5"
    resolved "http://10.228.131.93:4873/@babel%2fplugin-transform-modules-systemjs/-/plugin-transform-modules-systemjs-7.10.5.tgz#6270099c854066681bae9e05f87e1b9cadbe8c85"
    integrity sha1-YnAJnIVAZmgbrp4F+H4bnK2+jIU=
    dependencies:
      "@babel/helper-hoist-variables" "^7.10.4"
      "@babel/helper-module-transforms" "^7.10.5"
      "@babel/helper-plugin-utils" "^7.10.4"
      babel-plugin-dynamic-import-node "^2.3.3"
  
  "@babel/plugin-transform-modules-umd@^7.10.4":
    version "7.10.4"
    resolved "http://10.228.131.93:4873/@babel%2fplugin-transform-modules-umd/-/plugin-transform-modules-umd-7.10.4.tgz#9a8481fe81b824654b3a0b65da3df89f3d21839e"
    integrity sha1-moSB/oG4JGVLOgtl2j34nz0hg54=
    dependencies:
      "@babel/helper-module-transforms" "^7.10.4"
      "@babel/helper-plugin-utils" "^7.10.4"
  
  "@babel/plugin-transform-named-capturing-groups-regex@^7.10.4":
    version "7.10.4"
    resolved "http://10.228.131.93:4873/@babel%2fplugin-transform-named-capturing-groups-regex/-/plugin-transform-named-capturing-groups-regex-7.10.4.tgz#78b4d978810b6f3bcf03f9e318f2fc0ed41aecb6"
    integrity sha1-eLTZeIELbzvPA/njGPL8DtQa7LY=
    dependencies:
      "@babel/helper-create-regexp-features-plugin" "^7.10.4"
  
  "@babel/plugin-transform-new-target@^7.10.4":
    version "7.10.4"
    resolved "http://10.228.131.93:4873/@babel%2fplugin-transform-new-target/-/plugin-transform-new-target-7.10.4.tgz#9097d753cb7b024cb7381a3b2e52e9513a9c6888"
    integrity sha1-kJfXU8t7Aky3OBo7LlLpUTqcaIg=
    dependencies:
      "@babel/helper-plugin-utils" "^7.10.4"
  
  "@babel/plugin-transform-object-super@^7.10.4":
    version "7.10.4"
    resolved "http://10.228.131.93:4873/@babel%2fplugin-transform-object-super/-/plugin-transform-object-super-7.10.4.tgz#d7146c4d139433e7a6526f888c667e314a093894"
    integrity sha1-1xRsTROUM+emUm+IjGZ+MUoJOJQ=
    dependencies:
      "@babel/helper-plugin-utils" "^7.10.4"
      "@babel/helper-replace-supers" "^7.10.4"
  
  "@babel/plugin-transform-parameters@^7.10.4":
    version "7.10.5"
    resolved "http://10.228.131.93:4873/@babel%2fplugin-transform-parameters/-/plugin-transform-parameters-7.10.5.tgz#59d339d58d0b1950435f4043e74e2510005e2c4a"
    integrity sha1-WdM51Y0LGVBDX0BD504lEABeLEo=
    dependencies:
      "@babel/helper-get-function-arity" "^7.10.4"
      "@babel/helper-plugin-utils" "^7.10.4"
  
  "@babel/plugin-transform-property-literals@^7.10.4":
    version "7.10.4"
    resolved "http://10.228.131.93:4873/@babel%2fplugin-transform-property-literals/-/plugin-transform-property-literals-7.10.4.tgz#f6fe54b6590352298785b83edd815d214c42e3c0"
    integrity sha1-9v5UtlkDUimHhbg+3YFdIUxC48A=
    dependencies:
      "@babel/helper-plugin-utils" "^7.10.4"
  
  "@babel/plugin-transform-regenerator@^7.10.4":
    version "7.10.4"
    resolved "http://10.228.131.93:4873/@babel%2fplugin-transform-regenerator/-/plugin-transform-regenerator-7.10.4.tgz#2015e59d839074e76838de2159db421966fd8b63"
    integrity sha1-IBXlnYOQdOdoON4hWdtCGWb9i2M=
    dependencies:
      regenerator-transform "^0.14.2"
  
  "@babel/plugin-transform-reserved-words@^7.10.4":
    version "7.10.4"
    resolved "http://10.228.131.93:4873/@babel%2fplugin-transform-reserved-words/-/plugin-transform-reserved-words-7.10.4.tgz#8f2682bcdcef9ed327e1b0861585d7013f8a54dd"
    integrity sha1-jyaCvNzvntMn4bCGFYXXAT+KVN0=
    dependencies:
      "@babel/helper-plugin-utils" "^7.10.4"
  
  "@babel/plugin-transform-runtime@^7.11.5":
    version "7.11.5"
    resolved "http://10.228.131.93:4873/@babel%2fplugin-transform-runtime/-/plugin-transform-runtime-7.11.5.tgz#f108bc8e0cf33c37da031c097d1df470b3a293fc"
    integrity sha1-8Qi8jgzzPDfaAxwJfR30cLOik/w=
    dependencies:
      "@babel/helper-module-imports" "^7.10.4"
      "@babel/helper-plugin-utils" "^7.10.4"
      resolve "^1.8.1"
      semver "^5.5.1"
  
  "@babel/plugin-transform-shorthand-properties@^7.10.4":
    version "7.10.4"
    resolved "http://10.228.131.93:4873/@babel%2fplugin-transform-shorthand-properties/-/plugin-transform-shorthand-properties-7.10.4.tgz#9fd25ec5cdd555bb7f473e5e6ee1c971eede4dd6"
    integrity sha1-n9Jexc3VVbt/Rz5ebuHJce7eTdY=
    dependencies:
      "@babel/helper-plugin-utils" "^7.10.4"
  
  "@babel/plugin-transform-spread@^7.11.0":
    version "7.11.0"
    resolved "http://10.228.131.93:4873/@babel%2fplugin-transform-spread/-/plugin-transform-spread-7.11.0.tgz#fa84d300f5e4f57752fe41a6d1b3c554f13f17cc"
    integrity sha1-+oTTAPXk9XdS/kGm0bPFVPE/F8w=
    dependencies:
      "@babel/helper-plugin-utils" "^7.10.4"
      "@babel/helper-skip-transparent-expression-wrappers" "^7.11.0"
  
  "@babel/plugin-transform-sticky-regex@^7.10.4":
    version "7.10.4"
    resolved "http://10.228.131.93:4873/@babel%2fplugin-transform-sticky-regex/-/plugin-transform-sticky-regex-7.10.4.tgz#8f3889ee8657581130a29d9cc91d7c73b7c4a28d"
    integrity sha1-jziJ7oZXWBEwop2cyR18c7fEoo0=
    dependencies:
      "@babel/helper-plugin-utils" "^7.10.4"
      "@babel/helper-regex" "^7.10.4"
  
  "@babel/plugin-transform-template-literals@^7.10.4":
    version "7.10.5"
    resolved "http://10.228.131.93:4873/@babel%2fplugin-transform-template-literals/-/plugin-transform-template-literals-7.10.5.tgz#78bc5d626a6642db3312d9d0f001f5e7639fde8c"
    integrity sha1-eLxdYmpmQtszEtnQ8AH152Of3ow=
    dependencies:
      "@babel/helper-annotate-as-pure" "^7.10.4"
      "@babel/helper-plugin-utils" "^7.10.4"
  
  "@babel/plugin-transform-typeof-symbol@^7.10.4":
    version "7.10.4"
    resolved "http://10.228.131.93:4873/@babel%2fplugin-transform-typeof-symbol/-/plugin-transform-typeof-symbol-7.10.4.tgz#9509f1a7eec31c4edbffe137c16cc33ff0bc5bfc"
    integrity sha1-lQnxp+7DHE7b/+E3wWzDP/C8W/w=
    dependencies:
      "@babel/helper-plugin-utils" "^7.10.4"
  
  "@babel/plugin-transform-unicode-escapes@^7.10.4":
    version "7.10.4"
    resolved "http://10.228.131.93:4873/@babel%2fplugin-transform-unicode-escapes/-/plugin-transform-unicode-escapes-7.10.4.tgz#feae523391c7651ddac115dae0a9d06857892007"
    integrity sha1-/q5SM5HHZR3awRXa4KnQaFeJIAc=
    dependencies:
      "@babel/helper-plugin-utils" "^7.10.4"
  
  "@babel/plugin-transform-unicode-regex@^7.10.4":
    version "7.10.4"
    resolved "http://10.228.131.93:4873/@babel%2fplugin-transform-unicode-regex/-/plugin-transform-unicode-regex-7.10.4.tgz#e56d71f9282fac6db09c82742055576d5e6d80a8"
    integrity sha1-5W1x+SgvrG2wnIJ0IFVXbV5tgKg=
    dependencies:
      "@babel/helper-create-regexp-features-plugin" "^7.10.4"
      "@babel/helper-plugin-utils" "^7.10.4"
  
  "@babel/preset-env@^7.11.5":
    version "7.11.5"
    resolved "http://10.228.131.93:4873/@babel%2fpreset-env/-/preset-env-7.11.5.tgz#18cb4b9379e3e92ffea92c07471a99a2914e4272"
    integrity sha1-GMtLk3nj6S/+qSwHRxqZopFOQnI=
    dependencies:
      "@babel/compat-data" "^7.11.0"
      "@babel/helper-compilation-targets" "^7.10.4"
      "@babel/helper-module-imports" "^7.10.4"
      "@babel/helper-plugin-utils" "^7.10.4"
      "@babel/plugin-proposal-async-generator-functions" "^7.10.4"
      "@babel/plugin-proposal-class-properties" "^7.10.4"
      "@babel/plugin-proposal-dynamic-import" "^7.10.4"
      "@babel/plugin-proposal-export-namespace-from" "^7.10.4"
      "@babel/plugin-proposal-json-strings" "^7.10.4"
      "@babel/plugin-proposal-logical-assignment-operators" "^7.11.0"
      "@babel/plugin-proposal-nullish-coalescing-operator" "^7.10.4"
      "@babel/plugin-proposal-numeric-separator" "^7.10.4"
      "@babel/plugin-proposal-object-rest-spread" "^7.11.0"
      "@babel/plugin-proposal-optional-catch-binding" "^7.10.4"
      "@babel/plugin-proposal-optional-chaining" "^7.11.0"
      "@babel/plugin-proposal-private-methods" "^7.10.4"
      "@babel/plugin-proposal-unicode-property-regex" "^7.10.4"
      "@babel/plugin-syntax-async-generators" "^7.8.0"
      "@babel/plugin-syntax-class-properties" "^7.10.4"
      "@babel/plugin-syntax-dynamic-import" "^7.8.0"
      "@babel/plugin-syntax-export-namespace-from" "^7.8.3"
      "@babel/plugin-syntax-json-strings" "^7.8.0"
      "@babel/plugin-syntax-logical-assignment-operators" "^7.10.4"
      "@babel/plugin-syntax-nullish-coalescing-operator" "^7.8.0"
      "@babel/plugin-syntax-numeric-separator" "^7.10.4"
      "@babel/plugin-syntax-object-rest-spread" "^7.8.0"
      "@babel/plugin-syntax-optional-catch-binding" "^7.8.0"
      "@babel/plugin-syntax-optional-chaining" "^7.8.0"
      "@babel/plugin-syntax-top-level-await" "^7.10.4"
      "@babel/plugin-transform-arrow-functions" "^7.10.4"
      "@babel/plugin-transform-async-to-generator" "^7.10.4"
      "@babel/plugin-transform-block-scoped-functions" "^7.10.4"
      "@babel/plugin-transform-block-scoping" "^7.10.4"
      "@babel/plugin-transform-classes" "^7.10.4"
      "@babel/plugin-transform-computed-properties" "^7.10.4"
      "@babel/plugin-transform-destructuring" "^7.10.4"
      "@babel/plugin-transform-dotall-regex" "^7.10.4"
      "@babel/plugin-transform-duplicate-keys" "^7.10.4"
      "@babel/plugin-transform-exponentiation-operator" "^7.10.4"
      "@babel/plugin-transform-for-of" "^7.10.4"
      "@babel/plugin-transform-function-name" "^7.10.4"
      "@babel/plugin-transform-literals" "^7.10.4"
      "@babel/plugin-transform-member-expression-literals" "^7.10.4"
      "@babel/plugin-transform-modules-amd" "^7.10.4"
      "@babel/plugin-transform-modules-commonjs" "^7.10.4"
      "@babel/plugin-transform-modules-systemjs" "^7.10.4"
      "@babel/plugin-transform-modules-umd" "^7.10.4"
      "@babel/plugin-transform-named-capturing-groups-regex" "^7.10.4"
      "@babel/plugin-transform-new-target" "^7.10.4"
      "@babel/plugin-transform-object-super" "^7.10.4"
      "@babel/plugin-transform-parameters" "^7.10.4"
      "@babel/plugin-transform-property-literals" "^7.10.4"
      "@babel/plugin-transform-regenerator" "^7.10.4"
      "@babel/plugin-transform-reserved-words" "^7.10.4"
      "@babel/plugin-transform-shorthand-properties" "^7.10.4"
      "@babel/plugin-transform-spread" "^7.11.0"
      "@babel/plugin-transform-sticky-regex" "^7.10.4"
      "@babel/plugin-transform-template-literals" "^7.10.4"
      "@babel/plugin-transform-typeof-symbol" "^7.10.4"
      "@babel/plugin-transform-unicode-escapes" "^7.10.4"
      "@babel/plugin-transform-unicode-regex" "^7.10.4"
      "@babel/preset-modules" "^0.1.3"
      "@babel/types" "^7.11.5"
      browserslist "^4.12.0"
      core-js-compat "^3.6.2"
      invariant "^2.2.2"
      levenary "^1.1.1"
      semver "^5.5.0"
  
  "@babel/preset-modules@^0.1.3":
    version "0.1.4"
    resolved "http://10.228.131.93:4873/@babel%2fpreset-modules/-/preset-modules-0.1.4.tgz#362f2b68c662842970fdb5e254ffc8fc1c2e415e"
    integrity sha1-Ni8raMZihClw/bXiVP/I/BwuQV4=
    dependencies:
      "@babel/helper-plugin-utils" "^7.0.0"
      "@babel/plugin-proposal-unicode-property-regex" "^7.4.4"
      "@babel/plugin-transform-dotall-regex" "^7.4.4"
      "@babel/types" "^7.4.4"
      esutils "^2.0.2"
  
  "@babel/runtime-corejs3@^7.11.2":
    version "7.11.2"
    resolved "http://10.228.131.93:4873/@babel%2fruntime-corejs3/-/runtime-corejs3-7.11.2.tgz#02c3029743150188edeb66541195f54600278419"
    integrity sha1-AsMCl0MVAYjt62ZUEZX1RgAnhBk=
    dependencies:
      core-js-pure "^3.0.0"
      regenerator-runtime "^0.13.4"
  
  "@babel/runtime@^7.11.2", "@babel/runtime@^7.8.4":
    version "7.11.2"
    resolved "http://10.228.131.93:4873/@babel%2fruntime/-/runtime-7.11.2.tgz#f549c13c754cc40b87644b9fa9f09a6a95fe0736"
    integrity sha1-9UnBPHVMxAuHZEufqfCaapX+BzY=
    dependencies:
      regenerator-runtime "^0.13.4"
  
  "@babel/template@^7.10.4":
    version "7.10.4"
    resolved "http://10.228.131.93:4873/@babel%2ftemplate/-/template-7.10.4.tgz#3251996c4200ebc71d1a8fc405fba940f36ba278"
    integrity sha1-MlGZbEIA68cdGo/EBfupQPNrong=
    dependencies:
      "@babel/code-frame" "^7.10.4"
      "@babel/parser" "^7.10.4"
      "@babel/types" "^7.10.4"
  
  "@babel/traverse@^7.10.4", "@babel/traverse@^7.11.5":
    version "7.11.5"
    resolved "http://10.228.131.93:4873/@babel%2ftraverse/-/traverse-7.11.5.tgz#be777b93b518eb6d76ee2e1ea1d143daa11e61c3"
    integrity sha1-vnd7k7UY62127i4eodFD2qEeYcM=
    dependencies:
      "@babel/code-frame" "^7.10.4"
      "@babel/generator" "^7.11.5"
      "@babel/helper-function-name" "^7.10.4"
      "@babel/helper-split-export-declaration" "^7.11.0"
      "@babel/parser" "^7.11.5"
      "@babel/types" "^7.11.5"
      debug "^4.1.0"
      globals "^11.1.0"
      lodash "^4.17.19"
  
  "@babel/types@^7.10.4", "@babel/types@^7.10.5", "@babel/types@^7.11.0", "@babel/types@^7.11.5", "@babel/types@^7.4.4":
    version "7.11.5"
    resolved "http://10.228.131.93:4873/@babel%2ftypes/-/types-7.11.5.tgz#d9de577d01252d77c6800cee039ee64faf75662d"
    integrity sha1-2d5XfQElLXfGgAzuA57mT691Zi0=
    dependencies:
      "@babel/helper-validator-identifier" "^7.10.4"
      lodash "^4.17.19"
      to-fast-properties "^2.0.0"
  
  "@types/anymatch@*":
    version "1.3.1"
    resolved "http://10.228.131.93:4873/@types%2fanymatch/-/anymatch-1.3.1.tgz#336badc1beecb9dacc38bea2cf32adf627a8421a"
    integrity sha1-M2utwb7sudrMOL6izzKt9ieoQho=
  
  "@types/html-minifier-terser@^5.0.0":
    version "5.1.0"
    resolved "http://10.228.131.93:4873/@types%2fhtml-minifier-terser/-/html-minifier-terser-5.1.0.tgz#551a4589b6ee2cc9c1dff08056128aec29b94880"
    integrity sha1-VRpFibbuLMnB3/CAVhKK7Cm5SIA=
  
  "@types/json-schema@^7.0.5":
    version "7.0.6"
    resolved "http://10.228.131.93:4873/@types%2fjson-schema/-/json-schema-7.0.6.tgz#f4c7ec43e81b319a9815115031709f26987891f0"
    integrity sha1-9MfsQ+gbMZqYFRFQMXCfJph4kfA=
  
  "@types/node@*":
    version "14.10.0"
    resolved "http://10.228.131.93:4873/@types%2fnode/-/node-14.10.0.tgz#15815dff82c8dc30827f6b1286f865902945095a"
    integrity sha1-FYFd/4LI3DCCf2sShvhlkClFCVo=
  
  "@types/source-list-map@*":
    version "0.1.2"
    resolved "http://10.228.131.93:4873/@types%2fsource-list-map/-/source-list-map-0.1.2.tgz#0078836063ffaf17412349bba364087e0ac02ec9"
    integrity sha512-K5K+yml8LTo9bWJI/rECfIPrGgxdpeNbj+d53lwN4QjW1MCwlkhUms+gtdzigTeUyBr09+u8BwOIY3MXvHdcsA==
  
  "@types/tapable@*", "@types/tapable@^1.0.5":
    version "1.0.6"
    resolved "http://10.228.131.93:4873/@types%2ftapable/-/tapable-1.0.6.tgz#a9ca4b70a18b270ccb2bc0aaafefd1d486b7ea74"
    integrity sha1-qcpLcKGLJwzLK8Cqr+/R1Ia36nQ=
  
  "@types/uglify-js@*":
    version "3.9.3"
    resolved "http://10.228.131.93:4873/@types%2fuglify-js/-/uglify-js-3.9.3.tgz#d94ed608e295bc5424c9600e6b8565407b6b4b6b"
    integrity sha1-2U7WCOKVvFQkyWAOa4VlQHtrS2s=
    dependencies:
      source-map "^0.6.1"
  
  "@types/webpack-sources@*":
    version "1.4.2"
    resolved "http://10.228.131.93:4873/@types%2fwebpack-sources/-/webpack-sources-1.4.2.tgz#5d3d4dea04008a779a90135ff96fb5c0c9e6292c"
    integrity sha1-XT1N6gQAineakBNf+W+1wMnmKSw=
    dependencies:
      "@types/node" "*"
      "@types/source-list-map" "*"
      source-map "^0.7.3"
  
  "@types/webpack@^4.41.8":
    version "4.41.22"
    resolved "http://10.228.131.93:4873/@types%2fwebpack/-/webpack-4.41.22.tgz#ff9758a17c6bd499e459b91e78539848c32d0731"
    integrity sha1-/5dYoXxr1JnkWbkeeFOYSMMtBzE=
    dependencies:
      "@types/anymatch" "*"
      "@types/node" "*"
      "@types/tapable" "*"
      "@types/uglify-js" "*"
      "@types/webpack-sources" "*"
      source-map "^0.6.0"
  
  ajv-keywords@^3.5.2:
    version "3.5.2"
    resolved "http://10.228.131.93:4873/ajv-keywords/-/ajv-keywords-3.5.2.tgz#31f29da5ab6e00d1c2d329acf7b5929614d5014d"
    integrity sha1-MfKdpatuANHC0yms97WSlhTVAU0=
  
  ajv@^6.12.4:
    version "6.12.4"
    resolved "http://10.228.131.93:4873/ajv/-/ajv-6.12.4.tgz#0614facc4522127fa713445c6bfd3ebd376e2234"
    integrity sha1-BhT6zEUiEn+nE0Rca/0+vTduIjQ=
    dependencies:
      fast-deep-equal "^3.1.1"
      fast-json-stable-stringify "^2.0.0"
      json-schema-traverse "^0.4.1"
      uri-js "^4.2.2"
  
  ansi-regex@^2.0.0:
    version "2.1.1"
    resolved "http://10.228.131.93:4873/ansi-regex/-/ansi-regex-2.1.1.tgz#c3b33ab5ee360d86e0e628f0468ae7ef27d654df"
    integrity sha1-w7M6te42DYbg5ijwRorn7yfWVN8=
  
  ansi-styles@^3.2.1:
    version "3.2.1"
    resolved "http://10.228.131.93:4873/ansi-styles/-/ansi-styles-3.2.1.tgz#41fbb20243e50b12be0f04b8dedbf07520ce841d"
    integrity sha512-VT0ZI6kZRdTh8YyJw3SMbYm/u+NqfsAxEpWO0Pf9sq8/e94WxxOpPKx9FR1FlyCtOVDNOQ+8ntlqFxiRc+r5qA==
    dependencies:
      color-convert "^1.9.0"
  
  babel-loader@^8.1.0:
    version "8.1.0"
    resolved "http://10.228.131.93:4873/babel-loader/-/babel-loader-8.1.0.tgz#c611d5112bd5209abe8b9fa84c3e4da25275f1c3"
    integrity sha1-xhHVESvVIJq+i5+oTD5NolJ18cM=
    dependencies:
      find-cache-dir "^2.1.0"
      loader-utils "^1.4.0"
      mkdirp "^0.5.3"
      pify "^4.0.1"
      schema-utils "^2.6.5"
  
  babel-plugin-dynamic-import-node@^2.3.3:
    version "2.3.3"
    resolved "http://10.228.131.93:4873/babel-plugin-dynamic-import-node/-/babel-plugin-dynamic-import-node-2.3.3.tgz#84fda19c976ec5c6defef57f9427b3def66e17a3"
    integrity sha1-hP2hnJduxcbe/vV/lCez3vZuF6M=
    dependencies:
      object.assign "^4.1.0"
  
  big.js@^5.2.2:
    version "5.2.2"
    resolved "http://10.228.131.93:4873/big.js/-/big.js-5.2.2.tgz#65f0af382f578bcdc742bd9c281e9cb2d7768328"
    integrity sha1-ZfCvOC9Xi83HQr2cKB6cstd2gyg=
  
  boolbase@~1.0.0:
    version "1.0.0"
    resolved "http://10.228.131.93:4873/boolbase/-/boolbase-1.0.0.tgz#68dff5fbe60c51eb37725ea9e3ed310dcc1e776e"
    integrity sha1-aN/1++YMUes3cl6p4+0xDcwed24=
  
  browserslist@^4.12.0, browserslist@^4.8.5:
    version "4.14.2"
    resolved "http://10.228.131.93:4873/browserslist/-/browserslist-4.14.2.tgz#1b3cec458a1ba87588cc5e9be62f19b6d48813ce"
    integrity sha1-GzzsRYobqHWIzF6b5i8ZttSIE84=
    dependencies:
      caniuse-lite "^1.0.30001125"
      electron-to-chromium "^1.3.564"
      escalade "^3.0.2"
      node-releases "^1.1.61"
  
  buffer-from@^1.0.0:
    version "1.1.1"
    resolved "http://10.228.131.93:4873/buffer-from/-/buffer-from-1.1.1.tgz#32713bc028f75c02fdb710d7c7bcec1f2c6070ef"
    integrity sha1-MnE7wCj3XAL9txDXx7zsHyxgcO8=
  
  camel-case@^4.1.1:
    version "4.1.1"
    resolved "http://10.228.131.93:4873/camel-case/-/camel-case-4.1.1.tgz#1fc41c854f00e2f7d0139dfeba1542d6896fe547"
    integrity sha1-H8QchU8A4vfQE53+uhVC1olv5Uc=
    dependencies:
      pascal-case "^3.1.1"
      tslib "^1.10.0"
  
  caniuse-lite@^1.0.30001125:
    version "1.0.30001125"
    resolved "http://10.228.131.93:4873/caniuse-lite/-/caniuse-lite-1.0.30001125.tgz#2a1a51ee045a0a2207474b086f628c34725e997b"
    integrity sha1-KhpR7gRaCiIHR0sIb2KMNHJemXs=
  
  chalk@^2.0.0:
    version "2.4.2"
    resolved "http://10.228.131.93:4873/chalk/-/chalk-2.4.2.tgz#cd42541677a54333cf541a49108c1432b44c9424"
    integrity sha512-Mti+f9lpJNcwF4tWV8/OrTTtF1gZi+f8FqlyAdouralcFWFQWF2+NgCHShjkCb+IFBLq9buZwE1xckQU4peSuQ==
    dependencies:
      ansi-styles "^3.2.1"
      escape-string-regexp "^1.0.5"
      supports-color "^5.3.0"
  
  clean-css@^4.2.3:
    version "4.2.3"
    resolved "http://10.228.131.93:4873/clean-css/-/clean-css-4.2.3.tgz#507b5de7d97b48ee53d84adb0160ff6216380f78"
    integrity sha1-UHtd59l7SO5T2ErbAWD/YhY4D3g=
    dependencies:
      source-map "~0.6.0"
  
  color-convert@^1.9.0:
    version "1.9.3"
    resolved "http://10.228.131.93:4873/color-convert/-/color-convert-1.9.3.tgz#bb71850690e1f136567de629d2d5471deda4c1e8"
    integrity sha512-QfAUtd+vFdAtFQcC8CCyYt1fYWxSqAiK2cSD6zDB8N3cpsEBAvRxp9zOGg6G/SHHJYAT88/az/IuDGALsNVbGg==
    dependencies:
      color-name "1.1.3"
  
  color-name@1.1.3:
    version "1.1.3"
    resolved "http://10.228.131.93:4873/color-name/-/color-name-1.1.3.tgz#a7d0558bd89c42f795dd42328f740831ca53bc25"
    integrity sha1-p9BVi9icQveV3UIyj3QIMcpTvCU=
  
  commander@^2.20.0:
    version "2.20.3"
    resolved "http://10.228.131.93:4873/commander/-/commander-2.20.3.tgz#fd485e84c03eb4881c20722ba48035e8531aeb33"
    integrity sha1-/UhehMA+tIgcIHIrpIA16FMa6zM=
  
  commander@^4.1.1:
    version "4.1.1"
    resolved "http://10.228.131.93:4873/commander/-/commander-4.1.1.tgz#9fd602bd936294e9e9ef46a3f4d6964044b18068"
    integrity sha1-n9YCvZNilOnp70aj9NaWQESxgGg=
  
  commondir@^1.0.1:
    version "1.0.1"
    resolved "http://10.228.131.93:4873/commondir/-/commondir-1.0.1.tgz#ddd800da0c66127393cca5950ea968a3aaf1253b"
    integrity sha1-3dgA2gxmEnOTzKWVDqloo6rxJTs=
  
  convert-source-map@^1.7.0:
    version "1.7.0"
    resolved "http://10.228.131.93:4873/convert-source-map/-/convert-source-map-1.7.0.tgz#17a2cb882d7f77d3490585e2ce6c524424a3a442"
    integrity sha1-F6LLiC1/d9NJBYXizmxSRCSjpEI=
    dependencies:
      safe-buffer "~5.1.1"
  
  core-js-compat@^3.6.2:
    version "3.6.5"
    resolved "http://10.228.131.93:4873/core-js-compat/-/core-js-compat-3.6.5.tgz#2a51d9a4e25dfd6e690251aa81f99e3c05481f1c"
    integrity sha1-KlHZpOJd/W5pAlGqgfmePAVIHxw=
    dependencies:
      browserslist "^4.8.5"
      semver "7.0.0"
  
  core-js-pure@^3.0.0:
    version "3.6.5"
    resolved "http://10.228.131.93:4873/core-js-pure/-/core-js-pure-3.6.5.tgz#c79e75f5e38dbc85a662d91eea52b8256d53b813"
    integrity sha1-x5519eONvIWmYtke6lK4JW1TuBM=
  
  css-select@^1.1.0:
    version "1.2.0"
    resolved "http://10.228.131.93:4873/css-select/-/css-select-1.2.0.tgz#2b3a110539c5355f1cd8d314623e870b121ec858"
    integrity sha1-KzoRBTnFNV8c2NMUYj6HCxIeyFg=
    dependencies:
      boolbase "~1.0.0"
      css-what "2.1"
      domutils "1.5.1"
      nth-check "~1.0.1"
  
  css-what@2.1:
    version "2.1.3"
    resolved "http://10.228.131.93:4873/css-what/-/css-what-2.1.3.tgz#a6d7604573365fe74686c3f311c56513d88285f2"
    integrity sha1-ptdgRXM2X+dGhsPzEcVlE9iChfI=
  
  debug@^4.1.0:
    version "4.1.1"
    resolved "http://10.228.131.93:4873/debug/-/debug-4.1.1.tgz#3b72260255109c6b589cee050f1d516139664791"
    integrity sha512-pYAIzeRo8J6KPEaJ0VWOh5Pzkbw/RetuzehGM7QRRX5he4fPHx2rdKMB256ehJCkX+XRQm16eZLqLNS8RSZXZw==
    dependencies:
      ms "^2.1.1"
  
  define-properties@^1.1.2, define-properties@^1.1.3:
    version "1.1.3"
    resolved "http://10.228.131.93:4873/define-properties/-/define-properties-1.1.3.tgz#cf88da6cbee26fe6db7094f61d870cbd84cee9f1"
    integrity sha1-z4jabL7ib+bbcJT2HYcMvYTO6fE=
    dependencies:
      object-keys "^1.0.12"
  
  dom-converter@^0.2:
    version "0.2.0"
    resolved "http://10.228.131.93:4873/dom-converter/-/dom-converter-0.2.0.tgz#6721a9daee2e293682955b6afe416771627bb768"
    integrity sha1-ZyGp2u4uKTaClVtq/kFncWJ7t2g=
    dependencies:
      utila "~0.4"
  
  dom-serializer@0:
    version "0.2.2"
    resolved "http://10.228.131.93:4873/dom-serializer/-/dom-serializer-0.2.2.tgz#1afb81f533717175d478655debc5e332d9f9bb51"
    integrity sha1-GvuB9TNxcXXUeGVd68XjMtn5u1E=
    dependencies:
      domelementtype "^2.0.1"
      entities "^2.0.0"
  
  domelementtype@1, domelementtype@^1.3.1:
    version "1.3.1"
    resolved "http://10.228.131.93:4873/domelementtype/-/domelementtype-1.3.1.tgz#d048c44b37b0d10a7f2a3d5fee3f4333d790481f"
    integrity sha1-0EjESzew0Qp/Kj1f7j9DM9eQSB8=
  
  domelementtype@^2.0.1:
    version "2.0.1"
    resolved "http://10.228.131.93:4873/domelementtype/-/domelementtype-2.0.1.tgz#1f8bdfe91f5a78063274e803b4bdcedf6e94f94d"
    integrity sha1-H4vf6R9aeAYydOgDtL3O326U+U0=
  
  domhandler@^2.3.0:
    version "2.4.2"
    resolved "http://10.228.131.93:4873/domhandler/-/domhandler-2.4.2.tgz#8805097e933d65e85546f726d60f5eb88b44f803"
    integrity sha1-iAUJfpM9ZehVRvcm1g9euItE+AM=
    dependencies:
      domelementtype "1"
  
  domutils@1.5.1:
    version "1.5.1"
    resolved "http://10.228.131.93:4873/domutils/-/domutils-1.5.1.tgz#dcd8488a26f563d61079e48c9f7b7e32373682cf"
    integrity sha1-3NhIiib1Y9YQeeSMn3t+Mjc2gs8=
    dependencies:
      dom-serializer "0"
      domelementtype "1"
  
  domutils@^1.5.1:
    version "1.7.0"
    resolved "http://10.228.131.93:4873/domutils/-/domutils-1.7.0.tgz#56ea341e834e06e6748af7a1cb25da67ea9f8c2a"
    integrity sha1-Vuo0HoNOBuZ0ivehyyXaZ+qfjCo=
    dependencies:
      dom-serializer "0"
      domelementtype "1"
  
  dot-case@^3.0.3:
    version "3.0.3"
    resolved "http://10.228.131.93:4873/dot-case/-/dot-case-3.0.3.tgz#21d3b52efaaba2ea5fda875bb1aa8124521cf4aa"
    integrity sha1-IdO1Lvqroupf2odbsaqBJFIc9Ko=
    dependencies:
      no-case "^3.0.3"
      tslib "^1.10.0"
  
  electron-to-chromium@^1.3.564:
    version "1.3.565"
    resolved "http://10.228.131.93:4873/electron-to-chromium/-/electron-to-chromium-1.3.565.tgz#8511797ab2b66b767e1aef4eb17d636bf01a2c72"
    integrity sha1-hRF5erK2a3Z+Gu9OsX1ja/AaLHI=
  
  emojis-list@^3.0.0:
    version "3.0.0"
    resolved "http://10.228.131.93:4873/emojis-list/-/emojis-list-3.0.0.tgz#5570662046ad29e2e916e71aae260abdff4f6a78"
    integrity sha1-VXBmIEatKeLpFucariYKvf9Pang=
  
  entities@^1.1.1:
    version "1.1.2"
    resolved "http://10.228.131.93:4873/entities/-/entities-1.1.2.tgz#bdfa735299664dfafd34529ed4f8522a275fea56"
    integrity sha1-vfpzUplmTfr9NFKe1PhSKidf6lY=
  
  entities@^2.0.0:
    version "2.0.3"
    resolved "http://10.228.131.93:4873/entities/-/entities-2.0.3.tgz#5c487e5742ab93c15abb5da22759b8590ec03b7f"
    integrity sha1-XEh+V0Krk8Fau12iJ1m4WQ7AO38=
  
  es-abstract@^1.17.0-next.1, es-abstract@^1.17.5:
    version "1.17.6"
    resolved "http://10.228.131.93:4873/es-abstract/-/es-abstract-1.17.6.tgz#9142071707857b2cacc7b89ecb670316c3e2d52a"
    integrity sha1-kUIHFweFeyysx7iey2cDFsPi1So=
    dependencies:
      es-to-primitive "^1.2.1"
      function-bind "^1.1.1"
      has "^1.0.3"
      has-symbols "^1.0.1"
      is-callable "^1.2.0"
      is-regex "^1.1.0"
      object-inspect "^1.7.0"
      object-keys "^1.1.1"
      object.assign "^4.1.0"
      string.prototype.trimend "^1.0.1"
      string.prototype.trimstart "^1.0.1"
  
  es-to-primitive@^1.2.1:
    version "1.2.1"
    resolved "http://10.228.131.93:4873/es-to-primitive/-/es-to-primitive-1.2.1.tgz#e55cd4c9cdc188bcefb03b366c736323fc5c898a"
    integrity sha1-5VzUyc3BiLzvsDs2bHNjI/xciYo=
    dependencies:
      is-callable "^1.1.4"
      is-date-object "^1.0.1"
      is-symbol "^1.0.2"
  
  escalade@^3.0.2:
    version "3.0.2"
    resolved "http://10.228.131.93:4873/escalade/-/escalade-3.0.2.tgz#6a580d70edb87880f22b4c91d0d56078df6962c4"
    integrity sha1-algNcO24eIDyK0yR0NVgeN9pYsQ=
  
  escape-string-regexp@^1.0.5:
    version "1.0.5"
    resolved "http://10.228.131.93:4873/escape-string-regexp/-/escape-string-regexp-1.0.5.tgz#1b61c0562190a8dff6ae3bb2cf0200ca130b86d4"
    integrity sha1-G2HAViGQqN/2rjuyzwIAyhMLhtQ=
  
  esutils@^2.0.2:
    version "2.0.3"
    resolved "http://10.228.131.93:4873/esutils/-/esutils-2.0.3.tgz#74d2eb4de0b8da1293711910d50775b9b710ef64"
    integrity sha1-dNLrTeC42hKTcRkQ1Qd1ubcQ72Q=
  
  fast-deep-equal@^3.1.1:
    version "3.1.3"
    resolved "http://10.228.131.93:4873/fast-deep-equal/-/fast-deep-equal-3.1.3.tgz#3a7d56b559d6cbc3eb512325244e619a65c6c525"
    integrity sha1-On1WtVnWy8PrUSMlJE5hmmXGxSU=
  
  fast-json-stable-stringify@^2.0.0:
    version "2.1.0"
    resolved "http://10.228.131.93:4873/fast-json-stable-stringify/-/fast-json-stable-stringify-2.1.0.tgz#874bf69c6f404c2b5d99c481341399fd55892633"
    integrity sha1-h0v2nG9ATCtdmcSBNBOZ/VWJJjM=
  
  find-cache-dir@^2.1.0:
    version "2.1.0"
    resolved "http://10.228.131.93:4873/find-cache-dir/-/find-cache-dir-2.1.0.tgz#8d0f94cd13fe43c6c7c261a0d86115ca918c05f7"
    integrity sha1-jQ+UzRP+Q8bHwmGg2GEVypGMBfc=
    dependencies:
      commondir "^1.0.1"
      make-dir "^2.0.0"
      pkg-dir "^3.0.0"
  
  find-up@^3.0.0:
    version "3.0.0"
    resolved "http://10.228.131.93:4873/find-up/-/find-up-3.0.0.tgz#49169f1d7993430646da61ecc5ae355c21c97b73"
    integrity sha1-SRafHXmTQwZG2mHsxa41XCHJe3M=
    dependencies:
      locate-path "^3.0.0"
  
  function-bind@^1.1.1:
    version "1.1.1"
    resolved "http://10.228.131.93:4873/function-bind/-/function-bind-1.1.1.tgz#a56899d3ea3c9bab874bb9773b7c5ede92f4895d"
    integrity sha1-pWiZ0+o8m6uHS7l3O3xe3pL0iV0=
  
  gensync@^1.0.0-beta.1:
    version "1.0.0-beta.1"
    resolved "http://10.228.131.93:4873/gensync/-/gensync-1.0.0-beta.1.tgz#58f4361ff987e5ff6e1e7a210827aa371eaac269"
    integrity sha1-WPQ2H/mH5f9uHnohCCeqNx6qwmk=
  
  globals@^11.1.0:
    version "11.12.0"
    resolved "http://10.228.131.93:4873/globals/-/globals-11.12.0.tgz#ab8795338868a0babd8525758018c2a7eb95c42e"
    integrity sha1-q4eVM4hooLq9hSV1gBjCp+uVxC4=
  
  has-flag@^3.0.0:
    version "3.0.0"
    resolved "http://10.228.131.93:4873/has-flag/-/has-flag-3.0.0.tgz#b5d454dc2199ae225699f3467e5a07f3b955bafd"
    integrity sha1-tdRU3CGZriJWmfNGfloH87lVuv0=
  
  has-symbols@^1.0.0, has-symbols@^1.0.1:
    version "1.0.1"
    resolved "http://10.228.131.93:4873/has-symbols/-/has-symbols-1.0.1.tgz#9f5214758a44196c406d9bd76cebf81ec2dd31e8"
    integrity sha1-n1IUdYpEGWxAbZvXbOv4HsLdMeg=
  
  has@^1.0.3:
    version "1.0.3"
    resolved "http://10.228.131.93:4873/has/-/has-1.0.3.tgz#722d7cbfc1f6aa8241f16dd814e011e1f41e8796"
    integrity sha1-ci18v8H2qoJB8W3YFOAR4fQeh5Y=
    dependencies:
      function-bind "^1.1.1"
  
  he@^1.2.0:
    version "1.2.0"
    resolved "http://10.228.131.93:4873/he/-/he-1.2.0.tgz#84ae65fa7eafb165fddb61566ae14baf05664f0f"
    integrity sha1-hK5l+n6vsWX922FWauFLrwVmTw8=
  
  html-minifier-terser@^5.0.1:
    version "5.1.1"
    resolved "http://10.228.131.93:4873/html-minifier-terser/-/html-minifier-terser-5.1.1.tgz#922e96f1f3bb60832c2634b79884096389b1f054"
    integrity sha1-ki6W8fO7YIMsJjS3mIQJY4mx8FQ=
    dependencies:
      camel-case "^4.1.1"
      clean-css "^4.2.3"
      commander "^4.1.1"
      he "^1.2.0"
      param-case "^3.0.3"
      relateurl "^0.2.7"
      terser "^4.6.3"
  
  html-webpack-plugin@^4.4.1:
    version "4.4.1"
    resolved "http://10.228.131.93:4873/html-webpack-plugin/-/html-webpack-plugin-4.4.1.tgz#61ab85aa1a84ba181443345ebaead51abbb84149"
    integrity sha1-YauFqhqEuhgUQzReuurVGru4QUk=
    dependencies:
      "@types/html-minifier-terser" "^5.0.0"
      "@types/tapable" "^1.0.5"
      "@types/webpack" "^4.41.8"
      html-minifier-terser "^5.0.1"
      loader-utils "^1.2.3"
      lodash "^4.17.15"
      pretty-error "^2.1.1"
      tapable "^1.1.3"
      util.promisify "1.0.0"
  
  htmlparser2@^3.3.0:
    version "3.10.1"
    resolved "http://10.228.131.93:4873/htmlparser2/-/htmlparser2-3.10.1.tgz#bd679dc3f59897b6a34bb10749c855bb53a9392f"
    integrity sha1-vWedw/WYl7ajS7EHSchVu1OpOS8=
    dependencies:
      domelementtype "^1.3.1"
      domhandler "^2.3.0"
      domutils "^1.5.1"
      entities "^1.1.1"
      inherits "^2.0.1"
      readable-stream "^3.1.1"
  
  inherits@^2.0.1, inherits@^2.0.3:
    version "2.0.4"
    resolved "http://10.228.131.93:4873/inherits/-/inherits-2.0.4.tgz#0fa2c64f932917c3433a0ded55363aae37416b7c"
    integrity sha512-k/vGaX4/Yla3WzyMCvTQOXYeIHvqOKtnqBduzTHpzpQZzAskKMhZ2K+EnBiSM9zGSoIFeMpXKxa4dYeZIQqewQ==
  
  invariant@^2.2.2, invariant@^2.2.4:
    version "2.2.4"
    resolved "http://10.228.131.93:4873/invariant/-/invariant-2.2.4.tgz#610f3c92c9359ce1db616e538008d23ff35158e6"
    integrity sha1-YQ88ksk1nOHbYW5TgAjSP/NRWOY=
    dependencies:
      loose-envify "^1.0.0"
  
  is-callable@^1.1.4, is-callable@^1.2.0:
    version "1.2.1"
    resolved "http://10.228.131.93:4873/is-callable/-/is-callable-1.2.1.tgz#4d1e21a4f437509d25ce55f8184350771421c96d"
    integrity sha1-TR4hpPQ3UJ0lzlX4GENQdxQhyW0=
  
  is-date-object@^1.0.1:
    version "1.0.2"
    resolved "http://10.228.131.93:4873/is-date-object/-/is-date-object-1.0.2.tgz#bda736f2cd8fd06d32844e7743bfa7494c3bfd7e"
    integrity sha1-vac28s2P0G0yhE53Q7+nSUw7/X4=
  
  is-regex@^1.1.0:
    version "1.1.1"
    resolved "http://10.228.131.93:4873/is-regex/-/is-regex-1.1.1.tgz#c6f98aacc546f6cec5468a07b7b153ab564a57b9"
    integrity sha1-xvmKrMVG9s7FRooHt7FTq1ZKV7k=
    dependencies:
      has-symbols "^1.0.1"
  
  is-symbol@^1.0.2:
    version "1.0.3"
    resolved "http://10.228.131.93:4873/is-symbol/-/is-symbol-1.0.3.tgz#38e1014b9e6329be0de9d24a414fd7441ec61937"
    integrity sha1-OOEBS55jKb4N6dJKQU/XRB7GGTc=
    dependencies:
      has-symbols "^1.0.1"
  
  "js-tokens@^3.0.0 || ^4.0.0", js-tokens@^4.0.0:
    version "4.0.0"
    resolved "http://10.228.131.93:4873/js-tokens/-/js-tokens-4.0.0.tgz#19203fb59991df98e3a287050d4647cdeaf32499"
    integrity sha1-GSA/tZmR35jjoocFDUZHzerzJJk=
  
  jsesc@^2.5.1:
    version "2.5.2"
    resolved "http://10.228.131.93:4873/jsesc/-/jsesc-2.5.2.tgz#80564d2e483dacf6e8ef209650a67df3f0c283a4"
    integrity sha1-gFZNLkg9rPbo7yCWUKZ98/DCg6Q=
  
  jsesc@~0.5.0:
    version "0.5.0"
    resolved "http://10.228.131.93:4873/jsesc/-/jsesc-0.5.0.tgz#e7dee66e35d6fc16f710fe91d5cf69f70f08911d"
    integrity sha1-597mbjXW/Bb3EP6R1c9p9w8IkR0=
  
  json-schema-traverse@^0.4.1:
    version "0.4.1"
    resolved "http://10.228.131.93:4873/json-schema-traverse/-/json-schema-traverse-0.4.1.tgz#69f6a87d9513ab8bb8fe63bdb0979c448e684660"
    integrity sha1-afaofZUTq4u4/mO9sJecRI5oRmA=
  
  json5@^1.0.1:
    version "1.0.1"
    resolved "http://10.228.131.93:4873/json5/-/json5-1.0.1.tgz#779fb0018604fa854eacbf6252180d83543e3dbe"
    integrity sha1-d5+wAYYE+oVOrL9iUhgNg1Q+Pb4=
    dependencies:
      minimist "^1.2.0"
  
  json5@^2.1.2:
    version "2.1.3"
    resolved "http://10.228.131.93:4873/json5/-/json5-2.1.3.tgz#c9b0f7fa9233bfe5807fe66fcf3a5617ed597d43"
    integrity sha1-ybD3+pIzv+WAf+ZvzzpWF+1ZfUM=
    dependencies:
      minimist "^1.2.5"
  
  leven@^3.1.0:
    version "3.1.0"
    resolved "http://10.228.131.93:4873/leven/-/leven-3.1.0.tgz#77891de834064cccba82ae7842bb6b14a13ed7f2"
    integrity sha1-d4kd6DQGTMy6gq54QrtrFKE+1/I=
  
  levenary@^1.1.1:
    version "1.1.1"
    resolved "http://10.228.131.93:4873/levenary/-/levenary-1.1.1.tgz#842a9ee98d2075aa7faeedbe32679e9205f46f77"
    integrity sha1-hCqe6Y0gdap/ru2+MmeekgX0b3c=
    dependencies:
      leven "^3.1.0"
  
  loader-utils@^1.2.3, loader-utils@^1.4.0:
    version "1.4.0"
    resolved "http://10.228.131.93:4873/loader-utils/-/loader-utils-1.4.0.tgz#c579b5e34cb34b1a74edc6c1fb36bfa371d5a613"
    integrity sha1-xXm140yzSxp07cbB+za/o3HVphM=
    dependencies:
      big.js "^5.2.2"
      emojis-list "^3.0.0"
      json5 "^1.0.1"
  
  loader-utils@^2.0.0:
    version "2.0.0"
    resolved "http://10.228.131.93:4873/loader-utils/-/loader-utils-2.0.0.tgz#e4cace5b816d425a166b5f097e10cd12b36064b0"
    integrity sha1-5MrOW4FtQloWa18JfhDNErNgZLA=
    dependencies:
      big.js "^5.2.2"
      emojis-list "^3.0.0"
      json5 "^2.1.2"
  
  locate-path@^3.0.0:
    version "3.0.0"
    resolved "http://10.228.131.93:4873/locate-path/-/locate-path-3.0.0.tgz#dbec3b3ab759758071b58fe59fc41871af21400e"
    integrity sha1-2+w7OrdZdYBxtY/ln8QYca8hQA4=
    dependencies:
      p-locate "^3.0.0"
      path-exists "^3.0.0"
  
  lodash@^4.17.15, lodash@^4.17.19:
    version "4.17.20"
    resolved "http://10.228.131.93:4873/lodash/-/lodash-4.17.20.tgz#b44a9b6297bcb698f1c51a3545a2b3b368d59c52"
    integrity sha1-tEqbYpe8tpjxxRo1RaKzs2jVnFI=
  
  loose-envify@^1.0.0:
    version "1.4.0"
    resolved "http://10.228.131.93:4873/loose-envify/-/loose-envify-1.4.0.tgz#71ee51fa7be4caec1a63839f7e682d8132d30caf"
    integrity sha1-ce5R+nvkyuwaY4OffmgtgTLTDK8=
    dependencies:
      js-tokens "^3.0.0 || ^4.0.0"
  
  lower-case@^2.0.1:
    version "2.0.1"
    resolved "http://10.228.131.93:4873/lower-case/-/lower-case-2.0.1.tgz#39eeb36e396115cc05e29422eaea9e692c9408c7"
    integrity sha1-Oe6zbjlhFcwF4pQi6uqeaSyUCMc=
    dependencies:
      tslib "^1.10.0"
  
  make-dir@^2.0.0:
    version "2.1.0"
    resolved "http://10.228.131.93:4873/make-dir/-/make-dir-2.1.0.tgz#5f0310e18b8be898cc07009295a30ae41e91e6f5"
    integrity sha1-XwMQ4YuL6JjMBwCSlaMK5B6R5vU=
    dependencies:
      pify "^4.0.1"
      semver "^5.6.0"
  
  minimist@^1.2.0, minimist@^1.2.5:
    version "1.2.5"
    resolved "http://10.228.131.93:4873/minimist/-/minimist-1.2.5.tgz#67d66014b66a6a8aaa0c083c5fd58df4e4e97602"
    integrity sha1-Z9ZgFLZqaoqqDAg8X9WN9OTpdgI=
  
  mkdirp@^0.5.3:
    version "0.5.5"
    resolved "http://10.228.131.93:4873/mkdirp/-/mkdirp-0.5.5.tgz#d91cefd62d1436ca0f41620e251288d420099def"
    integrity sha1-2Rzv1i0UNsoPQWIOJRKI1CAJne8=
    dependencies:
      minimist "^1.2.5"
  
  ms@^2.1.1:
    version "2.1.2"
    resolved "http://10.228.131.93:4873/ms/-/ms-2.1.2.tgz#d09d1f357b443f493382a8eb3ccd183872ae6009"
    integrity sha512-sGkPx+VjMtmA6MX27oA4FBFELFCZZ4S4XqeGOXCv68tT+jb3vk/RyaKWP0PTKyWtmLSM0b+adUTEvbs1PEaH2w==
  
  no-case@^3.0.3:
    version "3.0.3"
    resolved "http://10.228.131.93:4873/no-case/-/no-case-3.0.3.tgz#c21b434c1ffe48b39087e86cfb4d2582e9df18f8"
    integrity sha1-whtDTB/+SLOQh+hs+00lgunfGPg=
    dependencies:
      lower-case "^2.0.1"
      tslib "^1.10.0"
  
  node-releases@^1.1.61:
    version "1.1.61"
    resolved "http://10.228.131.93:4873/node-releases/-/node-releases-1.1.61.tgz#707b0fca9ce4e11783612ba4a2fcba09047af16e"
    integrity sha1-cHsPypzk4ReDYSukovy6CQR68W4=
  
  nth-check@~1.0.1:
    version "1.0.2"
    resolved "http://10.228.131.93:4873/nth-check/-/nth-check-1.0.2.tgz#b2bd295c37e3dd58a3bf0700376663ba4d9cf05c"
    integrity sha1-sr0pXDfj3VijvwcAN2Zjuk2c8Fw=
    dependencies:
      boolbase "~1.0.0"
  
  object-inspect@^1.7.0:
    version "1.8.0"
    resolved "http://10.228.131.93:4873/object-inspect/-/object-inspect-1.8.0.tgz#df807e5ecf53a609cc6bfe93eac3cc7be5b3a9d0"
    integrity sha1-34B+Xs9TpgnMa/6T6sPMe+WzqdA=
  
  object-keys@^1.0.11, object-keys@^1.0.12, object-keys@^1.1.1:
    version "1.1.1"
    resolved "http://10.228.131.93:4873/object-keys/-/object-keys-1.1.1.tgz#1c47f272df277f3b1daf061677d9c82e2322c60e"
    integrity sha1-HEfyct8nfzsdrwYWd9nILiMixg4=
  
  object.assign@^4.1.0:
    version "4.1.0"
    resolved "http://10.228.131.93:4873/object.assign/-/object.assign-4.1.0.tgz#968bf1100d7956bb3ca086f006f846b3bc4008da"
    integrity sha1-lovxEA15Vrs8oIbwBvhGs7xACNo=
    dependencies:
      define-properties "^1.1.2"
      function-bind "^1.1.1"
      has-symbols "^1.0.0"
      object-keys "^1.0.11"
  
  object.getownpropertydescriptors@^2.0.3:
    version "2.1.0"
    resolved "http://10.228.131.93:4873/object.getownpropertydescriptors/-/object.getownpropertydescriptors-2.1.0.tgz#369bf1f9592d8ab89d712dced5cb81c7c5352649"
    integrity sha1-Npvx+VktiridcS3O1cuBx8U1Jkk=
    dependencies:
      define-properties "^1.1.3"
      es-abstract "^1.17.0-next.1"
  
  p-limit@^2.0.0:
    version "2.3.0"
    resolved "http://10.228.131.93:4873/p-limit/-/p-limit-2.3.0.tgz#3dd33c647a214fdfffd835933eb086da0dc21db1"
    integrity sha1-PdM8ZHohT9//2DWTPrCG2g3CHbE=
    dependencies:
      p-try "^2.0.0"
  
  p-locate@^3.0.0:
    version "3.0.0"
    resolved "http://10.228.131.93:4873/p-locate/-/p-locate-3.0.0.tgz#322d69a05c0264b25997d9f40cd8a891ab0064a4"
    integrity sha1-Mi1poFwCZLJZl9n0DNiokasAZKQ=
    dependencies:
      p-limit "^2.0.0"
  
  p-try@^2.0.0:
    version "2.2.0"
    resolved "http://10.228.131.93:4873/p-try/-/p-try-2.2.0.tgz#cb2868540e313d61de58fafbe35ce9004d5540e6"
    integrity sha1-yyhoVA4xPWHeWPr741zpAE1VQOY=
  
  param-case@^3.0.3:
    version "3.0.3"
    resolved "http://10.228.131.93:4873/param-case/-/param-case-3.0.3.tgz#4be41f8399eff621c56eebb829a5e451d9801238"
    integrity sha1-S+Qfg5nv9iHFbuu4KaXkUdmAEjg=
    dependencies:
      dot-case "^3.0.3"
      tslib "^1.10.0"
  
  pascal-case@^3.1.1:
    version "3.1.1"
    resolved "http://10.228.131.93:4873/pascal-case/-/pascal-case-3.1.1.tgz#5ac1975133ed619281e88920973d2cd1f279de5f"
    integrity sha1-WsGXUTPtYZKB6Ikglz0s0fJ53l8=
    dependencies:
      no-case "^3.0.3"
      tslib "^1.10.0"
  
  path-exists@^3.0.0:
    version "3.0.0"
    resolved "http://10.228.131.93:4873/path-exists/-/path-exists-3.0.0.tgz#ce0ebeaa5f78cb18925ea7d810d7b59b010fd515"
    integrity sha1-zg6+ql94yxiSXqfYENe1mwEP1RU=
  
  path-parse@^1.0.6:
    version "1.0.6"
    resolved "http://10.228.131.93:4873/path-parse/-/path-parse-1.0.6.tgz#d62dbb5679405d72c4737ec58600e9ddcf06d24c"
    integrity sha1-1i27VnlAXXLEc37FhgDp3c8G0kw=
  
  pify@^4.0.1:
    version "4.0.1"
    resolved "http://10.228.131.93:4873/pify/-/pify-4.0.1.tgz#4b2cd25c50d598735c50292224fd8c6df41e3231"
    integrity sha1-SyzSXFDVmHNcUCkiJP2MbfQeMjE=
  
  pkg-dir@^3.0.0:
    version "3.0.0"
    resolved "http://10.228.131.93:4873/pkg-dir/-/pkg-dir-3.0.0.tgz#2749020f239ed990881b1f71210d51eb6523bea3"
    integrity sha1-J0kCDyOe2ZCIGx9xIQ1R62UjvqM=
    dependencies:
      find-up "^3.0.0"
  
  pretty-error@^2.1.1:
    version "2.1.1"
    resolved "http://10.228.131.93:4873/pretty-error/-/pretty-error-2.1.1.tgz#5f4f87c8f91e5ae3f3ba87ab4cf5e03b1a17f1a3"
    integrity sha1-X0+HyPkeWuPzuoerTPXgOxoX8aM=
    dependencies:
      renderkid "^2.0.1"
      utila "~0.4"
  
  punycode@^2.1.0:
    version "2.1.1"
    resolved "http://10.228.131.93:4873/punycode/-/punycode-2.1.1.tgz#b58b010ac40c22c5657616c8d2c2c02c7bf479ec"
    integrity sha1-tYsBCsQMIsVldhbI0sLALHv0eew=
  
  readable-stream@^3.1.1:
    version "3.6.0"
    resolved "http://10.228.131.93:4873/readable-stream/-/readable-stream-3.6.0.tgz#337bbda3adc0706bd3e024426a286d4b4b2c9198"
    integrity sha1-M3u9o63AcGvT4CRCaihtS0sskZg=
    dependencies:
      inherits "^2.0.3"
      string_decoder "^1.1.1"
      util-deprecate "^1.0.1"
  
  regenerate-unicode-properties@^8.2.0:
    version "8.2.0"
    resolved "http://10.228.131.93:4873/regenerate-unicode-properties/-/regenerate-unicode-properties-8.2.0.tgz#e5de7111d655e7ba60c057dbe9ff37c87e65cdec"
    integrity sha1-5d5xEdZV57pgwFfb6f83yH5lzew=
    dependencies:
      regenerate "^1.4.0"
  
  regenerate@^1.4.0:
    version "1.4.1"
    resolved "http://10.228.131.93:4873/regenerate/-/regenerate-1.4.1.tgz#cad92ad8e6b591773485fbe05a485caf4f457e6f"
    integrity sha1-ytkq2Oa1kXc0hfvgWkhcr09Ffm8=
  
  regenerator-runtime@^0.13.4:
    version "0.13.7"
    resolved "http://10.228.131.93:4873/regenerator-runtime/-/regenerator-runtime-0.13.7.tgz#cac2dacc8a1ea675feaabaeb8ae833898ae46f55"
    integrity sha1-ysLazIoepnX+qrrriugziYrkb1U=
  
  regenerator-transform@^0.14.2:
    version "0.14.5"
    resolved "http://10.228.131.93:4873/regenerator-transform/-/regenerator-transform-0.14.5.tgz#c98da154683671c9c4dcb16ece736517e1b7feb4"
    integrity sha1-yY2hVGg2ccnE3LFuznNlF+G3/rQ=
    dependencies:
      "@babel/runtime" "^7.8.4"
  
  regexpu-core@^4.7.0:
    version "4.7.0"
    resolved "http://10.228.131.93:4873/regexpu-core/-/regexpu-core-4.7.0.tgz#fcbf458c50431b0bb7b45d6967b8192d91f3d938"
    integrity sha1-/L9FjFBDGwu3tF1pZ7gZLZHz2Tg=
    dependencies:
      regenerate "^1.4.0"
      regenerate-unicode-properties "^8.2.0"
      regjsgen "^0.5.1"
      regjsparser "^0.6.4"
      unicode-match-property-ecmascript "^1.0.4"
      unicode-match-property-value-ecmascript "^1.2.0"
  
  regjsgen@^0.5.1:
    version "0.5.2"
    resolved "http://10.228.131.93:4873/regjsgen/-/regjsgen-0.5.2.tgz#92ff295fb1deecbf6ecdab2543d207e91aa33733"
    integrity sha1-kv8pX7He7L9uzaslQ9IH6RqjNzM=
  
  regjsparser@^0.6.4:
    version "0.6.4"
    resolved "http://10.228.131.93:4873/regjsparser/-/regjsparser-0.6.4.tgz#a769f8684308401a66e9b529d2436ff4d0666272"
    integrity sha1-p2n4aEMIQBpm6bUp0kNv9NBmYnI=
    dependencies:
      jsesc "~0.5.0"
  
  relateurl@^0.2.7:
    version "0.2.7"
    resolved "http://10.228.131.93:4873/relateurl/-/relateurl-0.2.7.tgz#54dbf377e51440aca90a4cd274600d3ff2d888a9"
    integrity sha1-VNvzd+UUQKypCkzSdGANP/LYiKk=
  
  renderkid@^2.0.1:
    version "2.0.3"
    resolved "http://10.228.131.93:4873/renderkid/-/renderkid-2.0.3.tgz#380179c2ff5ae1365c522bf2fcfcff01c5b74149"
    integrity sha1-OAF5wv9a4TZcUivy/Pz/AcW3QUk=
    dependencies:
      css-select "^1.1.0"
      dom-converter "^0.2"
      htmlparser2 "^3.3.0"
      strip-ansi "^3.0.0"
      utila "^0.4.0"
  
  resolve@^1.3.2, resolve@^1.8.1:
    version "1.17.0"
    resolved "http://10.228.131.93:4873/resolve/-/resolve-1.17.0.tgz#b25941b54968231cc2d1bb76a79cb7f2c0bf8444"
    integrity sha1-sllBtUloIxzC0bt2p5y38sC/hEQ=
    dependencies:
      path-parse "^1.0.6"
  
  safe-buffer@~5.1.1:
    version "5.1.2"
    resolved "http://10.228.131.93:4873/safe-buffer/-/safe-buffer-5.1.2.tgz#991ec69d296e0313747d59bdfd2b745c35f8828d"
    integrity sha1-mR7GnSluAxN0fVm9/St0XDX4go0=
  
  safe-buffer@~5.2.0:
    version "5.2.1"
    resolved "http://10.228.131.93:4873/safe-buffer/-/safe-buffer-5.2.1.tgz#1eaf9fa9bdb1fdd4ec75f58f9cdb4e6b7827eec6"
    integrity sha1-Hq+fqb2x/dTsdfWPnNtOa3gn7sY=
  
  schema-utils@^2.6.5:
    version "2.7.1"
    resolved "http://10.228.131.93:4873/schema-utils/-/schema-utils-2.7.1.tgz#1ca4f32d1b24c590c203b8e7a50bf0ea4cd394d7"
    integrity sha1-HKTzLRskxZDCA7jnpQvw6kzTlNc=
    dependencies:
      "@types/json-schema" "^7.0.5"
      ajv "^6.12.4"
      ajv-keywords "^3.5.2"
  
  semver@7.0.0:
    version "7.0.0"
    resolved "http://10.228.131.93:4873/semver/-/semver-7.0.0.tgz#5f3ca35761e47e05b206c6daff2cf814f0316b8e"
    integrity sha1-XzyjV2HkfgWyBsba/yz4FPAxa44=
  
  semver@^5.4.1, semver@^5.5.0, semver@^5.5.1, semver@^5.6.0:
    version "5.7.1"
    resolved "http://10.228.131.93:4873/semver/-/semver-5.7.1.tgz#a954f931aeba508d307bbf069eff0c01c96116f7"
    integrity sha1-qVT5Ma66UI0we78Gnv8MAclhFvc=
  
  source-map-support@~0.5.12:
    version "0.5.19"
    resolved "http://10.228.131.93:4873/source-map-support/-/source-map-support-0.5.19.tgz#a98b62f86dcaf4f67399648c085291ab9e8fed61"
    integrity sha1-qYti+G3K9PZzmWSMCFKRq56P7WE=
    dependencies:
      buffer-from "^1.0.0"
      source-map "^0.6.0"
  
  source-map@^0.5.0:
    version "0.5.7"
    resolved "http://10.228.131.93:4873/source-map/-/source-map-0.5.7.tgz#8a039d2d1021d22d1ea14c80d8ea468ba2ef3fcc"
    integrity sha1-igOdLRAh0i0eoUyA2OpGi6LvP8w=
  
  source-map@^0.6.0, source-map@^0.6.1, source-map@~0.6.0, source-map@~0.6.1:
    version "0.6.1"
    resolved "http://10.228.131.93:4873/source-map/-/source-map-0.6.1.tgz#74722af32e9614e9c287a8d0bbde48b5e2f1a263"
    integrity sha512-UjgapumWlbMhkBgzT7Ykc5YXUT46F0iKu8SGXq0bcwP5dz/h0Plj6enJqjz1Zbq2l5WaqYnrVbwWOWMyF3F47g==
  
  source-map@^0.7.3:
    version "0.7.3"
    resolved "http://10.228.131.93:4873/source-map/-/source-map-0.7.3.tgz#5302f8169031735226544092e64981f751750383"
    integrity sha512-CkCj6giN3S+n9qrYiBTX5gystlENnRW5jZeNLHpe6aue+SrHcG5VYwujhW9s4dY31mEGsxBDrHR6oI69fTXsaQ==
  
  string.prototype.trimend@^1.0.1:
    version "1.0.1"
    resolved "http://10.228.131.93:4873/string.prototype.trimend/-/string.prototype.trimend-1.0.1.tgz#85812a6b847ac002270f5808146064c995fb6913"
    integrity sha1-hYEqa4R6wAInD1gIFGBkyZX7aRM=
    dependencies:
      define-properties "^1.1.3"
      es-abstract "^1.17.5"
  
  string.prototype.trimstart@^1.0.1:
    version "1.0.1"
    resolved "http://10.228.131.93:4873/string.prototype.trimstart/-/string.prototype.trimstart-1.0.1.tgz#14af6d9f34b053f7cfc89b72f8f2ee14b9039a54"
    integrity sha1-FK9tnzSwU/fPyJty+PLuFLkDmlQ=
    dependencies:
      define-properties "^1.1.3"
      es-abstract "^1.17.5"
  
  string_decoder@^1.1.1:
    version "1.3.0"
    resolved "http://10.228.131.93:4873/string_decoder/-/string_decoder-1.3.0.tgz#42f114594a46cf1a8e30b0a84f56c78c3edac21e"
    integrity sha1-QvEUWUpGzxqOMLCoT1bHjD7awh4=
    dependencies:
      safe-buffer "~5.2.0"
  
  strip-ansi@^3.0.0:
    version "3.0.1"
    resolved "http://10.228.131.93:4873/strip-ansi/-/strip-ansi-3.0.1.tgz#6a385fb8853d952d5ff05d0e8aaf94278dc63dcf"
    integrity sha1-ajhfuIU9lS1f8F0Oiq+UJ43GPc8=
    dependencies:
      ansi-regex "^2.0.0"
  
  supports-color@^5.3.0:
    version "5.5.0"
    resolved "http://10.228.131.93:4873/supports-color/-/supports-color-5.5.0.tgz#e2e69a44ac8772f78a1ec0b35b689df6530efc8f"
    integrity sha512-QjVjwdXIt408MIiAqCX4oUKsgU2EqAGzs2Ppkm4aQYbjm+ZEWEcW4SfFNTr4uMNZma0ey4f5lgLrkB0aX0QMow==
    dependencies:
      has-flag "^3.0.0"
  
  tapable@^1.1.3:
    version "1.1.3"
    resolved "http://10.228.131.93:4873/tapable/-/tapable-1.1.3.tgz#a1fccc06b58db61fd7a45da2da44f5f3a3e67ba2"
    integrity sha1-ofzMBrWNth/XpF2i2kT186Pme6I=
  
  terser@^4.6.3:
    version "4.8.0"
    resolved "http://10.228.131.93:4873/terser/-/terser-4.8.0.tgz#63056343d7c70bb29f3af665865a46fe03a0df17"
    integrity sha1-YwVjQ9fHC7KfOvZlhlpG/gOg3xc=
    dependencies:
      commander "^2.20.0"
      source-map "~0.6.1"
      source-map-support "~0.5.12"
  
  to-fast-properties@^2.0.0:
    version "2.0.0"
    resolved "http://10.228.131.93:4873/to-fast-properties/-/to-fast-properties-2.0.0.tgz#dc5e698cbd079265bc73e0377681a4e4e83f616e"
    integrity sha1-3F5pjL0HkmW8c+A3doGk5Og/YW4=
  
  tslib@^1.10.0:
    version "1.13.0"
    resolved "http://10.228.131.93:4873/tslib/-/tslib-1.13.0.tgz#c881e13cc7015894ed914862d276436fa9a47043"
    integrity sha1-yIHhPMcBWJTtkUhi0nZDb6mkcEM=
  
  unicode-canonical-property-names-ecmascript@^1.0.4:
    version "1.0.4"
    resolved "http://10.228.131.93:4873/unicode-canonical-property-names-ecmascript/-/unicode-canonical-property-names-ecmascript-1.0.4.tgz#2619800c4c825800efdd8343af7dd9933cbe2818"
    integrity sha1-JhmADEyCWADv3YNDr33Zkzy+KBg=
  
  unicode-match-property-ecmascript@^1.0.4:
    version "1.0.4"
    resolved "http://10.228.131.93:4873/unicode-match-property-ecmascript/-/unicode-match-property-ecmascript-1.0.4.tgz#8ed2a32569961bce9227d09cd3ffbb8fed5f020c"
    integrity sha1-jtKjJWmWG86SJ9Cc0/+7j+1fAgw=
    dependencies:
      unicode-canonical-property-names-ecmascript "^1.0.4"
      unicode-property-aliases-ecmascript "^1.0.4"
  
  unicode-match-property-value-ecmascript@^1.2.0:
    version "1.2.0"
    resolved "http://10.228.131.93:4873/unicode-match-property-value-ecmascript/-/unicode-match-property-value-ecmascript-1.2.0.tgz#0d91f600eeeb3096aa962b1d6fc88876e64ea531"
    integrity sha1-DZH2AO7rMJaqlisdb8iIduZOpTE=
  
  unicode-property-aliases-ecmascript@^1.0.4:
    version "1.1.0"
    resolved "http://10.228.131.93:4873/unicode-property-aliases-ecmascript/-/unicode-property-aliases-ecmascript-1.1.0.tgz#dd57a99f6207bedff4628abefb94c50db941c8f4"
    integrity sha1-3Vepn2IHvt/0Yoq++5TFDblByPQ=
  
  uri-js@^4.2.2:
    version "4.4.0"
    resolved "http://10.228.131.93:4873/uri-js/-/uri-js-4.4.0.tgz#aa714261de793e8a82347a7bcc9ce74e86f28602"
    integrity sha1-qnFCYd55PoqCNHp7zJznTobyhgI=
    dependencies:
      punycode "^2.1.0"
  
  util-deprecate@^1.0.1:
    version "1.0.2"
    resolved "http://10.228.131.93:4873/util-deprecate/-/util-deprecate-1.0.2.tgz#450d4dc9fa70de732762fbd2d4a28981419a0ccf"
    integrity sha1-RQ1Nyfpw3nMnYvvS1KKJgUGaDM8=
  
  util.promisify@1.0.0:
    version "1.0.0"
    resolved "http://10.228.131.93:4873/util.promisify/-/util.promisify-1.0.0.tgz#440f7165a459c9a16dc145eb8e72f35687097030"
    integrity sha1-RA9xZaRZyaFtwUXrjnLzVocJcDA=
    dependencies:
      define-properties "^1.1.2"
      object.getownpropertydescriptors "^2.0.3"
  
  utila@^0.4.0, utila@~0.4:
    version "0.4.0"
    resolved "http://10.228.131.93:4873/utila/-/utila-0.4.0.tgz#8a16a05d445657a3aea5eecc5b12a4fa5379772c"
    integrity sha1-ihagXURWV6Oupe7MWxKk+lN5dyw=
